2025-05-11 11:22:39 [INFO] DataManager 초기화 완료: D:\trading_projects\v02_sac-trading\results
2025-05-11 11:22:39 [INFO] 대시보드 앱 초기화 완료: http://0.0.0.0:5000
2025-05-11 11:22:39 [INFO] 대시보드 웹 서버 시작: http://0.0.0.0:5000
2025-05-11 11:22:55 [WARNING] 트레이딩 통계 디렉토리가 없습니다: D:\trading_projects\v02_sac-trading\results\live_trading
2025-05-11 11:22:55 [WARNING] 트레이딩 통계 디렉토리가 없습니다: D:\trading_projects\v02_sac-trading\results\live_trading
2025-05-11 11:22:55 [WARNING] 트레이딩 통계 디렉토리가 없습니다: D:\trading_projects\v02_sac-trading\results\live_trading
2025-05-11 11:22:55 [WARNING] 트레이딩 통계 디렉토리가 없습니다: D:\trading_projects\v02_sac-trading\results\live_trading
2025-05-11 11:22:55 [WARNING] 트레이딩 통계 디렉토리가 없습니다: D:\trading_projects\v02_sac-trading\results\live_trading
2025-05-11 11:23:04 [WARNING] 트레이딩 통계 디렉토리가 없습니다: D:\trading_projects\v02_sac-trading\results\live_trading
2025-05-11 11:23:14 [WARNING] 트레이딩 통계 디렉토리가 없습니다: D:\trading_projects\v02_sac-trading\results\live_trading
2025-05-11 11:23:20 [INFO] DataManager 초기화 완료: D:\trading_projects\v02_sac-trading\results
2025-05-11 11:23:20 [INFO] 대시보드 앱 초기화 완료: http://0.0.0.0:5000
2025-05-11 11:23:20 [INFO] 대시보드 웹 서버 시작: http://0.0.0.0:5000
2025-05-11 11:23:24 [WARNING] 트레이딩 통계 디렉토리가 없습니다: D:\trading_projects\v02_sac-trading\results\live_trading
2025-05-11 11:23:34 [WARNING] 트레이딩 통계 디렉토리가 없습니다: D:\trading_projects\v02_sac-trading\results\live_trading
2025-05-11 11:23:44 [WARNING] 트레이딩 통계 디렉토리가 없습니다: D:\trading_projects\v02_sac-trading\results\live_trading
2025-05-11 11:23:54 [WARNING] 트레이딩 통계 디렉토리가 없습니다: D:\trading_projects\v02_sac-trading\results\live_trading
2025-05-11 11:24:04 [WARNING] 트레이딩 통계 디렉토리가 없습니다: D:\trading_projects\v02_sac-trading\results\live_trading
2025-05-11 11:24:14 [WARNING] 트레이딩 통계 파일이 없습니다.
2025-05-11 11:24:24 [WARNING] 트레이딩 통계 파일이 없습니다.
2025-05-11 11:24:34 [WARNING] 트레이딩 통계 파일이 없습니다.
2025-05-11 11:24:44 [WARNING] 트레이딩 통계 파일이 없습니다.
2025-05-11 11:24:54 [ERROR] 트레이딩 통계 로드 중 오류 발생: Expecting value: line 1 column 2 (char 1)
2025-05-11 11:25:04 [INFO] 트레이딩 통계 로드 완료: D:\trading_projects\v02_sac-trading\results\live_trading\trading_stats_20240511.json
2025-05-11 11:25:04 [WARNING] GOOGL 시장 데이터 파일이 없습니다.
2025-05-11 11:26:16 [INFO] 트레이딩 통계 로드 완료: D:\trading_projects\v02_sac-trading\results\live_trading\trading_stats_20240511.json
2025-05-11 11:26:16 [WARNING] GOOGL 시장 데이터 파일이 없습니다.
2025-05-11 11:27:16 [INFO] 트레이딩 통계 로드 완료: D:\trading_projects\v02_sac-trading\results\live_trading\trading_stats_20240511.json
2025-05-11 11:27:45 [INFO] GOOGL 시장 데이터 로드 완료: 30 행
2025-05-11 11:28:17 [INFO] 트레이딩 통계 로드 완료: D:\trading_projects\v02_sac-trading\results\live_trading\trading_stats_20240511.json
2025-05-11 11:29:27 [INFO] 트레이딩 통계 로드 완료: D:\trading_projects\v02_sac-trading\results\live_trading\trading_stats_20240511.json
2025-05-11 11:30:28 [INFO] 트레이딩 통계 로드 완료: D:\trading_projects\v02_sac-trading\results\live_trading\trading_stats_20240511.json
2025-05-11 11:31:59 [INFO] 트레이딩 통계 로드 완료: D:\trading_projects\v02_sac-trading\results\live_trading\trading_stats_20240511.json
2025-05-11 11:33:00 [INFO] 트레이딩 통계 로드 완료: D:\trading_projects\v02_sac-trading\results\live_trading\trading_stats_20240511.json
2025-05-11 11:33:05 [INFO] 모델 정보 로드 완료: 1개
2025-05-11 11:33:05 [INFO] 백테스트 결과 로드 완료: 1개
2025-05-11 11:33:05 [INFO] 백테스트 결과 로드 완료: 1개
2025-05-11 11:33:06 [INFO] 백테스트 결과 로드 완료: 1개
2025-05-11 11:34:07 [INFO] 트레이딩 통계 로드 완료: D:\trading_projects\v02_sac-trading\results\live_trading\trading_stats_20240511.json
2025-05-11 11:34:12 [INFO] GOOGL 시장 데이터 로드 완료: 30 행
2025-05-11 11:34:20 [INFO] MSFT 시장 데이터 로드 완료: 30 행
2025-05-11 11:35:12 [INFO] 트레이딩 통계 로드 완료: D:\trading_projects\v02_sac-trading\results\live_trading\trading_stats_20240511.json
2025-05-11 11:36:12 [INFO] 트레이딩 통계 로드 완료: D:\trading_projects\v02_sac-trading\results\live_trading\trading_stats_20240511.json
2025-05-11 11:37:17 [INFO] 트레이딩 통계 로드 완료: D:\trading_projects\v02_sac-trading\results\live_trading\trading_stats_20240511.json
2025-05-11 11:37:36 [INFO] 대시보드 웹 서버 중지
2025-05-11 11:37:40 [INFO] DataManager 초기화 완료: D:\trading_projects\v02_sac-trading\results
2025-05-11 11:37:40 [INFO] 대시보드 앱 초기화 완료: http://0.0.0.0:5000
2025-05-11 11:37:40 [INFO] 대시보드 웹 서버 시작: http://0.0.0.0:5000
2025-05-11 11:37:46 [INFO] 트레이딩 통계 로드 완료: D:\trading_projects\v02_sac-trading\results\live_trading\trading_stats_20240511.json
2025-05-11 11:37:55 [INFO] GOOGL 시장 데이터 로드 완료: 30 행
2025-05-11 11:38:02 [INFO] MSFT 시장 데이터 로드 완료: 30 행
2025-05-11 11:38:08 [INFO] 모델 정보 로드 완료: 1개
2025-05-11 11:38:08 [INFO] 백테스트 결과 로드 완료: 1개
2025-05-11 11:38:08 [INFO] 백테스트 결과 로드 완료: 1개
2025-05-11 12:12:51 [INFO] 모델 정보 로드 완료: 1개
2025-05-11 12:20:27 [INFO] 대시보드 웹 서버 중지
2025-05-11 12:27:19 [INFO] DataManager 초기화 완료: D:\trading_projects\v02_sac-trading\results
2025-05-11 12:27:19 [INFO] 대시보드 앱 초기화 완료: http://0.0.0.0:5000
2025-05-11 12:27:19 [INFO] 대시보드 웹 서버 시작: http://0.0.0.0:5000
2025-05-11 12:27:25 [INFO] 트레이딩 통계 로드 완료: D:\trading_projects\v02_sac-trading\results\live_trading\trading_stats_20240511.json
2025-05-11 12:27:25 [INFO] 트레이딩 통계 로드 완료: D:\trading_projects\v02_sac-trading\results\live_trading\trading_stats_20240511.json
2025-05-11 12:27:31 [INFO] 모델 정보 로드 완료: 1개
2025-05-11 12:27:31 [INFO] 백테스트 결과 로드 완료: 1개
2025-05-11 12:27:31 [INFO] 백테스트 결과 로드 완료: 1개
2025-05-11 12:27:32 [INFO] GOOGL 시장 데이터 로드 완료: 30 행
2025-05-11 12:27:38 [INFO] MSFT 시장 데이터 로드 완료: 30 행
2025-05-11 12:35:45 [INFO] 대시보드 웹 서버 중지
