2025-05-20 11:40:32 [INFO] 대시보드 시작 - 데이터 디렉토리: C:\final_project\results
2025-05-20 11:40:32 [INFO] DataManager 초기화 완료: C:\final_project\results
2025-05-20 11:40:32 [INFO] 대시보드 앱 초기화 완료: http://0.0.0.0:5000
2025-05-20 11:40:32 [INFO] 대시보드 실행 - http://0.0.0.0:5000
2025-05-20 11:40:32 [INFO] 대시보드 웹 서버 시작: http://0.0.0.0:5000
2025-05-20 11:40:47 [INFO] 트레이딩 통계 로드 완료: C:\final_project\results\live_trading\trading_stats_20240511.json
2025-05-20 11:40:47 [INFO] 트레이딩 통계 로드 완료: C:\final_project\results\live_trading\trading_stats_20240511.json
2025-05-20 11:40:47 [INFO] 트레이딩 통계 로드 완료: C:\final_project\results\live_trading\trading_stats_20240511.json
2025-05-20 11:40:47 [INFO] 트레이딩 통계 로드 완료: C:\final_project\results\live_trading\trading_stats_20240511.json
2025-05-20 11:40:47 [INFO] 트레이딩 통계 로드 완료: C:\final_project\results\live_trading\trading_stats_20240511.json
2025-05-20 11:40:52 [INFO] 트레이딩 통계 로드 완료: C:\final_project\results\live_trading\trading_stats_20240511.json
2025-05-20 11:40:53 [INFO] 트레이딩 통계 로드 완료: C:\final_project\results\live_trading\trading_stats_20240511.json
2025-05-20 11:40:53 [INFO] 트레이딩 통계 로드 완료: C:\final_project\results\live_trading\trading_stats_20240511.json
2025-05-20 11:40:53 [INFO] 트레이딩 통계 로드 완료: C:\final_project\results\live_trading\trading_stats_20240511.json
2025-05-20 11:40:54 [INFO] 트레이딩 통계 로드 완료: C:\final_project\results\live_trading\trading_stats_20240511.json
2025-05-20 11:40:54 [INFO] 트레이딩 통계 로드 완료: C:\final_project\results\live_trading\trading_stats_20240511.json
2025-05-20 11:40:55 [INFO] 트레이딩 통계 로드 완료: C:\final_project\results\live_trading\trading_stats_20240511.json
2025-05-20 11:40:58 [WARNING] GOOGL 시장 데이터 파일이 없습니다.
2025-05-20 11:40:59 [INFO] 모델 정보 로드 완료: 1개
2025-05-20 11:41:00 [INFO] 모든 백테스트 파일: ['backtest_model_sac_v1_20240510.json']
2025-05-20 11:41:00 [INFO] 파일 'backtest_model_sac_v1_20240510.json'에서 추출한 모델 ID: sac_v1
2025-05-20 11:41:00 [INFO] 백테스트 결과 로드 완료: 1개
2025-05-20 11:41:00 [INFO] 로드된 모델 ID 목록: ['sac_v1']
2025-05-20 11:41:02 [WARNING] GOOGL 시장 데이터 파일이 없습니다.
2025-05-20 11:41:03 [WARNING] GOOGL 시장 데이터 파일이 없습니다.
2025-05-20 11:41:06 [WARNING] GOOGL 시장 데이터 파일이 없습니다.
2025-05-20 11:41:06 [WARNING] GOOGL 시장 데이터 파일이 없습니다.
2025-05-20 11:41:07 [WARNING] GOOGL 시장 데이터 파일이 없습니다.
2025-05-20 11:41:07 [WARNING] GOOGL 시장 데이터 파일이 없습니다.
2025-05-20 11:41:12 [WARNING] GOOGL 시장 데이터 파일이 없습니다.
2025-05-20 11:41:13 [WARNING] GOOGL 시장 데이터 파일이 없습니다.
2025-05-20 11:41:20 [INFO] 트레이딩 통계 로드 완료: C:\final_project\results\live_trading\trading_stats_20240511.json
2025-05-20 11:41:21 [INFO] 트레이딩 통계 로드 완료: C:\final_project\results\live_trading\trading_stats_20240511.json
2025-05-20 11:41:21 [INFO] 트레이딩 통계 로드 완료: C:\final_project\results\live_trading\trading_stats_20240511.json
2025-05-20 11:42:23 [INFO] 트레이딩 통계 로드 완료: C:\final_project\results\live_trading\trading_stats_20240511.json
2025-05-20 11:43:23 [INFO] 트레이딩 통계 로드 완료: C:\final_project\results\live_trading\trading_stats_20240511.json
2025-05-20 11:44:24 [INFO] 트레이딩 통계 로드 완료: C:\final_project\results\live_trading\trading_stats_20240511.json
2025-05-20 11:44:50 [WARNING] GOOGL 시장 데이터 파일이 없습니다.
2025-05-20 11:45:30 [INFO] 트레이딩 통계 로드 완료: C:\final_project\results\live_trading\trading_stats_20240511.json
2025-05-20 11:46:30 [INFO] 트레이딩 통계 로드 완료: C:\final_project\results\live_trading\trading_stats_20240511.json
2025-05-20 11:47:30 [INFO] 트레이딩 통계 로드 완료: C:\final_project\results\live_trading\trading_stats_20240511.json
2025-05-20 11:48:30 [INFO] 트레이딩 통계 로드 완료: C:\final_project\results\live_trading\trading_stats_20240511.json
2025-05-20 11:50:27 [INFO] 트레이딩 통계 로드 완료: C:\final_project\results\live_trading\trading_stats_20240511.json
2025-05-20 11:51:27 [INFO] 트레이딩 통계 로드 완료: C:\final_project\results\live_trading\trading_stats_20240511.json
2025-05-20 11:52:27 [INFO] 트레이딩 통계 로드 완료: C:\final_project\results\live_trading\trading_stats_20240511.json
2025-05-20 11:53:27 [INFO] 트레이딩 통계 로드 완료: C:\final_project\results\live_trading\trading_stats_20240511.json
2025-05-20 11:54:27 [INFO] 트레이딩 통계 로드 완료: C:\final_project\results\live_trading\trading_stats_20240511.json
2025-05-20 11:55:27 [INFO] 트레이딩 통계 로드 완료: C:\final_project\results\live_trading\trading_stats_20240511.json
2025-05-20 11:57:27 [INFO] 트레이딩 통계 로드 완료: C:\final_project\results\live_trading\trading_stats_20240511.json
2025-05-20 11:58:27 [INFO] 트레이딩 통계 로드 완료: C:\final_project\results\live_trading\trading_stats_20240511.json
2025-05-20 11:59:27 [INFO] 트레이딩 통계 로드 완료: C:\final_project\results\live_trading\trading_stats_20240511.json
2025-05-20 12:00:27 [INFO] 트레이딩 통계 로드 완료: C:\final_project\results\live_trading\trading_stats_20240511.json
2025-05-20 12:01:27 [INFO] 트레이딩 통계 로드 완료: C:\final_project\results\live_trading\trading_stats_20240511.json
2025-05-20 12:02:30 [INFO] 트레이딩 통계 로드 완료: C:\final_project\results\live_trading\trading_stats_20240511.json
2025-05-20 12:03:33 [INFO] 트레이딩 통계 로드 완료: C:\final_project\results\live_trading\trading_stats_20240511.json
2025-05-20 12:04:40 [INFO] 트레이딩 통계 로드 완료: C:\final_project\results\live_trading\trading_stats_20240511.json
2025-05-20 12:05:57 [INFO] 트레이딩 통계 로드 완료: C:\final_project\results\live_trading\trading_stats_20240511.json
2025-05-20 12:07:03 [INFO] 트레이딩 통계 로드 완료: C:\final_project\results\live_trading\trading_stats_20240511.json
2025-05-20 12:08:27 [INFO] 트레이딩 통계 로드 완료: C:\final_project\results\live_trading\trading_stats_20240511.json
2025-05-20 12:09:27 [INFO] 트레이딩 통계 로드 완료: C:\final_project\results\live_trading\trading_stats_20240511.json
2025-05-20 12:10:33 [INFO] 트레이딩 통계 로드 완료: C:\final_project\results\live_trading\trading_stats_20240511.json
2025-05-20 12:11:33 [INFO] 트레이딩 통계 로드 완료: C:\final_project\results\live_trading\trading_stats_20240511.json
2025-05-20 12:13:27 [INFO] 트레이딩 통계 로드 완료: C:\final_project\results\live_trading\trading_stats_20240511.json
2025-05-20 12:14:27 [INFO] 트레이딩 통계 로드 완료: C:\final_project\results\live_trading\trading_stats_20240511.json
2025-05-20 12:16:27 [INFO] 트레이딩 통계 로드 완료: C:\final_project\results\live_trading\trading_stats_20240511.json
2025-05-20 12:17:27 [INFO] 트레이딩 통계 로드 완료: C:\final_project\results\live_trading\trading_stats_20240511.json
2025-05-20 12:18:27 [INFO] 트레이딩 통계 로드 완료: C:\final_project\results\live_trading\trading_stats_20240511.json
2025-05-20 12:20:27 [INFO] 트레이딩 통계 로드 완료: C:\final_project\results\live_trading\trading_stats_20240511.json
2025-05-20 12:21:33 [INFO] 트레이딩 통계 로드 완료: C:\final_project\results\live_trading\trading_stats_20240511.json
2025-05-20 12:23:27 [INFO] 트레이딩 통계 로드 완료: C:\final_project\results\live_trading\trading_stats_20240511.json
2025-05-20 12:24:27 [INFO] 트레이딩 통계 로드 완료: C:\final_project\results\live_trading\trading_stats_20240511.json
2025-05-20 12:25:27 [INFO] 트레이딩 통계 로드 완료: C:\final_project\results\live_trading\trading_stats_20240511.json
2025-05-20 12:26:33 [INFO] 트레이딩 통계 로드 완료: C:\final_project\results\live_trading\trading_stats_20240511.json
2025-05-20 12:28:27 [INFO] 트레이딩 통계 로드 완료: C:\final_project\results\live_trading\trading_stats_20240511.json
2025-05-20 12:29:27 [INFO] 트레이딩 통계 로드 완료: C:\final_project\results\live_trading\trading_stats_20240511.json
2025-05-20 12:31:27 [INFO] 트레이딩 통계 로드 완료: C:\final_project\results\live_trading\trading_stats_20240511.json
2025-05-20 12:32:27 [INFO] 트레이딩 통계 로드 완료: C:\final_project\results\live_trading\trading_stats_20240511.json
2025-05-20 12:33:27 [INFO] 트레이딩 통계 로드 완료: C:\final_project\results\live_trading\trading_stats_20240511.json
2025-05-20 12:35:27 [INFO] 트레이딩 통계 로드 완료: C:\final_project\results\live_trading\trading_stats_20240511.json
2025-05-20 12:36:27 [INFO] 트레이딩 통계 로드 완료: C:\final_project\results\live_trading\trading_stats_20240511.json
2025-05-20 12:37:27 [INFO] 트레이딩 통계 로드 완료: C:\final_project\results\live_trading\trading_stats_20240511.json
2025-05-20 12:39:27 [INFO] 트레이딩 통계 로드 완료: C:\final_project\results\live_trading\trading_stats_20240511.json
2025-05-20 12:40:27 [INFO] 트레이딩 통계 로드 완료: C:\final_project\results\live_trading\trading_stats_20240511.json
2025-05-20 12:41:27 [INFO] 트레이딩 통계 로드 완료: C:\final_project\results\live_trading\trading_stats_20240511.json
2025-05-20 12:43:27 [INFO] 트레이딩 통계 로드 완료: C:\final_project\results\live_trading\trading_stats_20240511.json
2025-05-20 12:44:27 [INFO] 트레이딩 통계 로드 완료: C:\final_project\results\live_trading\trading_stats_20240511.json
2025-05-20 12:45:27 [INFO] 트레이딩 통계 로드 완료: C:\final_project\results\live_trading\trading_stats_20240511.json
2025-05-20 12:46:27 [INFO] 트레이딩 통계 로드 완료: C:\final_project\results\live_trading\trading_stats_20240511.json
2025-05-20 12:48:27 [INFO] 트레이딩 통계 로드 완료: C:\final_project\results\live_trading\trading_stats_20240511.json
2025-05-20 12:49:27 [INFO] 트레이딩 통계 로드 완료: C:\final_project\results\live_trading\trading_stats_20240511.json
2025-05-20 12:50:27 [INFO] 트레이딩 통계 로드 완료: C:\final_project\results\live_trading\trading_stats_20240511.json
2025-05-20 12:51:27 [INFO] 트레이딩 통계 로드 완료: C:\final_project\results\live_trading\trading_stats_20240511.json
2025-05-20 12:53:27 [INFO] 트레이딩 통계 로드 완료: C:\final_project\results\live_trading\trading_stats_20240511.json
2025-05-20 12:54:27 [INFO] 트레이딩 통계 로드 완료: C:\final_project\results\live_trading\trading_stats_20240511.json
2025-05-20 12:55:27 [INFO] 트레이딩 통계 로드 완료: C:\final_project\results\live_trading\trading_stats_20240511.json
2025-05-20 12:57:27 [INFO] 트레이딩 통계 로드 완료: C:\final_project\results\live_trading\trading_stats_20240511.json
2025-05-20 12:58:27 [INFO] 트레이딩 통계 로드 완료: C:\final_project\results\live_trading\trading_stats_20240511.json
2025-05-20 12:59:27 [INFO] 트레이딩 통계 로드 완료: C:\final_project\results\live_trading\trading_stats_20240511.json
2025-05-20 13:01:27 [INFO] 트레이딩 통계 로드 완료: C:\final_project\results\live_trading\trading_stats_20240511.json
2025-05-20 13:02:27 [INFO] 트레이딩 통계 로드 완료: C:\final_project\results\live_trading\trading_stats_20240511.json
2025-05-20 13:03:27 [INFO] 트레이딩 통계 로드 완료: C:\final_project\results\live_trading\trading_stats_20240511.json
2025-05-20 13:04:27 [INFO] 트레이딩 통계 로드 완료: C:\final_project\results\live_trading\trading_stats_20240511.json
2025-05-20 13:05:27 [INFO] 트레이딩 통계 로드 완료: C:\final_project\results\live_trading\trading_stats_20240511.json
2025-05-20 13:06:27 [INFO] 트레이딩 통계 로드 완료: C:\final_project\results\live_trading\trading_stats_20240511.json
2025-05-20 13:08:27 [INFO] 트레이딩 통계 로드 완료: C:\final_project\results\live_trading\trading_stats_20240511.json
2025-05-20 13:09:27 [INFO] 트레이딩 통계 로드 완료: C:\final_project\results\live_trading\trading_stats_20240511.json
2025-05-20 13:10:27 [INFO] 트레이딩 통계 로드 완료: C:\final_project\results\live_trading\trading_stats_20240511.json
2025-05-20 13:11:27 [INFO] 트레이딩 통계 로드 완료: C:\final_project\results\live_trading\trading_stats_20240511.json
2025-05-20 13:12:27 [INFO] 트레이딩 통계 로드 완료: C:\final_project\results\live_trading\trading_stats_20240511.json
2025-05-20 13:14:27 [INFO] 트레이딩 통계 로드 완료: C:\final_project\results\live_trading\trading_stats_20240511.json
2025-05-20 13:15:27 [INFO] 트레이딩 통계 로드 완료: C:\final_project\results\live_trading\trading_stats_20240511.json
2025-05-20 13:16:27 [INFO] 트레이딩 통계 로드 완료: C:\final_project\results\live_trading\trading_stats_20240511.json
2025-05-20 13:18:27 [INFO] 트레이딩 통계 로드 완료: C:\final_project\results\live_trading\trading_stats_20240511.json
2025-05-20 13:19:27 [INFO] 트레이딩 통계 로드 완료: C:\final_project\results\live_trading\trading_stats_20240511.json
2025-05-20 13:20:27 [INFO] 트레이딩 통계 로드 완료: C:\final_project\results\live_trading\trading_stats_20240511.json
2025-05-20 13:21:27 [INFO] 트레이딩 통계 로드 완료: C:\final_project\results\live_trading\trading_stats_20240511.json
2025-05-20 13:23:27 [INFO] 트레이딩 통계 로드 완료: C:\final_project\results\live_trading\trading_stats_20240511.json
2025-05-20 13:24:27 [INFO] 트레이딩 통계 로드 완료: C:\final_project\results\live_trading\trading_stats_20240511.json
2025-05-20 13:25:27 [INFO] 트레이딩 통계 로드 완료: C:\final_project\results\live_trading\trading_stats_20240511.json
2025-05-20 13:26:27 [INFO] 트레이딩 통계 로드 완료: C:\final_project\results\live_trading\trading_stats_20240511.json
2025-05-20 13:28:27 [INFO] 트레이딩 통계 로드 완료: C:\final_project\results\live_trading\trading_stats_20240511.json
2025-05-20 13:29:59 [INFO] 트레이딩 통계 로드 완료: C:\final_project\results\live_trading\trading_stats_20240511.json
2025-05-20 13:31:03 [INFO] 트레이딩 통계 로드 완료: C:\final_project\results\live_trading\trading_stats_20240511.json
2025-05-20 13:32:13 [INFO] 트레이딩 통계 로드 완료: C:\final_project\results\live_trading\trading_stats_20240511.json
2025-05-20 13:33:13 [INFO] 트레이딩 통계 로드 완료: C:\final_project\results\live_trading\trading_stats_20240511.json
2025-05-20 13:33:58 [INFO] 트레이딩 통계 로드 완료: C:\final_project\results\live_trading\trading_stats_20240511.json
2025-05-20 13:34:16 [INFO] 트레이딩 통계 로드 완료: C:\final_project\results\live_trading\trading_stats_20240511.json
2025-05-20 13:34:18 [INFO] 트레이딩 통계 로드 완료: C:\final_project\results\live_trading\trading_stats_20240511.json
2025-05-20 13:34:24 [INFO] 트레이딩 통계 로드 완료: C:\final_project\results\live_trading\trading_stats_20240511.json
2025-05-20 13:34:26 [INFO] 트레이딩 통계 로드 완료: C:\final_project\results\live_trading\trading_stats_20240511.json
2025-05-20 13:34:31 [INFO] 트레이딩 통계 로드 완료: C:\final_project\results\live_trading\trading_stats_20240511.json
2025-05-20 13:34:32 [INFO] 트레이딩 통계 로드 완료: C:\final_project\results\live_trading\trading_stats_20240511.json
2025-05-20 13:35:33 [INFO] 트레이딩 통계 로드 완료: C:\final_project\results\live_trading\trading_stats_20240511.json
2025-05-20 13:37:27 [INFO] 트레이딩 통계 로드 완료: C:\final_project\results\live_trading\trading_stats_20240511.json
2025-05-20 13:38:33 [INFO] 트레이딩 통계 로드 완료: C:\final_project\results\live_trading\trading_stats_20240511.json
2025-05-20 13:39:33 [INFO] 트레이딩 통계 로드 완료: C:\final_project\results\live_trading\trading_stats_20240511.json
2025-05-20 13:40:33 [INFO] 트레이딩 통계 로드 완료: C:\final_project\results\live_trading\trading_stats_20240511.json
2025-05-20 13:42:27 [INFO] 트레이딩 통계 로드 완료: C:\final_project\results\live_trading\trading_stats_20240511.json
2025-05-20 13:43:27 [INFO] 트레이딩 통계 로드 완료: C:\final_project\results\live_trading\trading_stats_20240511.json
2025-05-20 13:44:27 [INFO] 트레이딩 통계 로드 완료: C:\final_project\results\live_trading\trading_stats_20240511.json
2025-05-20 13:46:27 [INFO] 트레이딩 통계 로드 완료: C:\final_project\results\live_trading\trading_stats_20240511.json
2025-05-20 13:47:27 [INFO] 트레이딩 통계 로드 완료: C:\final_project\results\live_trading\trading_stats_20240511.json
2025-05-20 13:48:27 [INFO] 트레이딩 통계 로드 완료: C:\final_project\results\live_trading\trading_stats_20240511.json
2025-05-20 13:50:27 [INFO] 트레이딩 통계 로드 완료: C:\final_project\results\live_trading\trading_stats_20240511.json
2025-05-20 13:51:27 [INFO] 트레이딩 통계 로드 완료: C:\final_project\results\live_trading\trading_stats_20240511.json
2025-05-20 13:52:27 [INFO] 트레이딩 통계 로드 완료: C:\final_project\results\live_trading\trading_stats_20240511.json
2025-05-20 13:53:27 [INFO] 트레이딩 통계 로드 완료: C:\final_project\results\live_trading\trading_stats_20240511.json
2025-05-20 13:55:27 [INFO] 트레이딩 통계 로드 완료: C:\final_project\results\live_trading\trading_stats_20240511.json
2025-05-20 13:56:27 [INFO] 트레이딩 통계 로드 완료: C:\final_project\results\live_trading\trading_stats_20240511.json
2025-05-20 13:57:27 [INFO] 트레이딩 통계 로드 완료: C:\final_project\results\live_trading\trading_stats_20240511.json
2025-05-20 13:59:27 [INFO] 트레이딩 통계 로드 완료: C:\final_project\results\live_trading\trading_stats_20240511.json
2025-05-20 14:00:27 [INFO] 트레이딩 통계 로드 완료: C:\final_project\results\live_trading\trading_stats_20240511.json
2025-05-20 14:01:27 [INFO] 트레이딩 통계 로드 완료: C:\final_project\results\live_trading\trading_stats_20240511.json
2025-05-20 14:02:33 [INFO] 트레이딩 통계 로드 완료: C:\final_project\results\live_trading\trading_stats_20240511.json
2025-05-20 14:03:33 [INFO] 트레이딩 통계 로드 완료: C:\final_project\results\live_trading\trading_stats_20240511.json
2025-05-20 14:04:33 [INFO] 트레이딩 통계 로드 완료: C:\final_project\results\live_trading\trading_stats_20240511.json
2025-05-20 14:05:35 [INFO] 모델 정보 로드 완료: 1개
2025-05-20 14:05:39 [INFO] 모든 백테스트 파일: ['backtest_model_sac_v1_20240510.json']
2025-05-20 14:05:39 [INFO] 파일 'backtest_model_sac_v1_20240510.json'에서 추출한 모델 ID: sac_v1
2025-05-20 14:05:39 [INFO] 백테스트 결과 로드 완료: 1개
2025-05-20 14:05:39 [INFO] 로드된 모델 ID 목록: ['sac_v1']
2025-05-20 14:05:46 [INFO] 트레이딩 통계 로드 완료: C:\final_project\results\live_trading\trading_stats_20240511.json
2025-05-20 14:05:46 [WARNING] GOOGL 시장 데이터 파일이 없습니다.
2025-05-20 14:10:35 [INFO] 트레이딩 통계 로드 완료: C:\final_project\results\live_trading\trading_stats_20240511.json
2025-05-20 14:11:35 [INFO] 트레이딩 통계 로드 완료: C:\final_project\results\live_trading\trading_stats_20240511.json
2025-05-20 14:12:35 [INFO] 트레이딩 통계 로드 완료: C:\final_project\results\live_trading\trading_stats_20240511.json
2025-05-20 14:13:35 [INFO] 트레이딩 통계 로드 완료: C:\final_project\results\live_trading\trading_stats_20240511.json
2025-05-20 14:13:35 [INFO] 트레이딩 통계 로드 완료: C:\final_project\results\live_trading\trading_stats_20240511.json
2025-05-20 14:15:21 [INFO] 트레이딩 통계 로드 완료: C:\final_project\results\live_trading\trading_stats_20240511.json
2025-05-20 14:15:21 [INFO] 트레이딩 통계 로드 완료: C:\final_project\results\live_trading\trading_stats_20240511.json
2025-05-20 14:16:21 [INFO] 트레이딩 통계 로드 완료: C:\final_project\results\live_trading\trading_stats_20240511.json
2025-05-20 14:17:21 [INFO] 트레이딩 통계 로드 완료: C:\final_project\results\live_trading\trading_stats_20240511.json
2025-05-20 14:17:21 [INFO] 트레이딩 통계 로드 완료: C:\final_project\results\live_trading\trading_stats_20240511.json
2025-05-20 14:18:21 [INFO] 트레이딩 통계 로드 완료: C:\final_project\results\live_trading\trading_stats_20240511.json
2025-05-20 14:18:21 [INFO] 트레이딩 통계 로드 완료: C:\final_project\results\live_trading\trading_stats_20240511.json
2025-05-20 14:19:21 [INFO] 트레이딩 통계 로드 완료: C:\final_project\results\live_trading\trading_stats_20240511.json
2025-05-20 14:20:21 [INFO] 트레이딩 통계 로드 완료: C:\final_project\results\live_trading\trading_stats_20240511.json
2025-05-20 14:21:22 [INFO] 트레이딩 통계 로드 완료: C:\final_project\results\live_trading\trading_stats_20240511.json
2025-05-20 14:22:23 [INFO] 트레이딩 통계 로드 완료: C:\final_project\results\live_trading\trading_stats_20240511.json
2025-05-20 14:22:23 [INFO] 트레이딩 통계 로드 완료: C:\final_project\results\live_trading\trading_stats_20240511.json
2025-05-20 14:23:24 [INFO] 트레이딩 통계 로드 완료: C:\final_project\results\live_trading\trading_stats_20240511.json
2025-05-20 14:24:25 [INFO] 트레이딩 통계 로드 완료: C:\final_project\results\live_trading\trading_stats_20240511.json
2025-05-20 14:24:25 [INFO] 트레이딩 통계 로드 완료: C:\final_project\results\live_trading\trading_stats_20240511.json
2025-05-20 14:24:25 [INFO] 트레이딩 통계 로드 완료: C:\final_project\results\live_trading\trading_stats_20240511.json
2025-05-20 14:24:25 [INFO] 트레이딩 통계 로드 완료: C:\final_project\results\live_trading\trading_stats_20240511.json
2025-05-20 14:24:25 [INFO] 트레이딩 통계 로드 완료: C:\final_project\results\live_trading\trading_stats_20240511.json
2025-05-20 14:25:26 [INFO] 트레이딩 통계 로드 완료: C:\final_project\results\live_trading\trading_stats_20240511.json
2025-05-20 14:25:26 [INFO] 트레이딩 통계 로드 완료: C:\final_project\results\live_trading\trading_stats_20240511.json
2025-05-20 14:26:27 [INFO] 트레이딩 통계 로드 완료: C:\final_project\results\live_trading\trading_stats_20240511.json
2025-05-20 14:32:00 [INFO] 트레이딩 통계 로드 완료: C:\final_project\results\live_trading\trading_stats_20240511.json
2025-05-20 14:32:00 [INFO] 트레이딩 통계 로드 완료: C:\final_project\results\live_trading\trading_stats_20240511.json
2025-05-20 14:32:00 [INFO] 트레이딩 통계 로드 완료: C:\final_project\results\live_trading\trading_stats_20240511.json
2025-05-20 14:32:19 [WARNING] GOOGL 시장 데이터 파일이 없습니다.
2025-05-20 14:32:30 [INFO] 모델 ID 'sac_v1'에 대한 백테스트 파일: ['backtest_model_sac_v1_20240510.json']
2025-05-20 14:32:30 [INFO] 파일 'backtest_model_sac_v1_20240510.json'에서 추출한 모델 ID: sac_v1
2025-05-20 14:32:30 [INFO] 백테스트 결과 로드 완료: 1개
2025-05-20 14:32:30 [INFO] 로드된 모델 ID 목록: ['sac_v1']
2025-05-20 14:33:14 [INFO] 트레이딩 통계 로드 완료: C:\final_project\results\live_trading\trading_stats_20240511.json
2025-05-20 14:33:14 [INFO] 트레이딩 통계 로드 완료: C:\final_project\results\live_trading\trading_stats_20240511.json
2025-05-20 14:33:26 [INFO] 트레이딩 통계 로드 완료: C:\final_project\results\live_trading\trading_stats_20240511.json
2025-05-20 14:33:33 [WARNING] GOOGL 시장 데이터 파일이 없습니다.
2025-05-20 14:34:33 [INFO] 트레이딩 통계 로드 완료: C:\final_project\results\live_trading\trading_stats_20240511.json
2025-05-20 14:35:33 [INFO] 트레이딩 통계 로드 완료: C:\final_project\results\live_trading\trading_stats_20240511.json
2025-05-20 14:36:33 [INFO] 트레이딩 통계 로드 완료: C:\final_project\results\live_trading\trading_stats_20240511.json
2025-05-20 14:37:33 [INFO] 트레이딩 통계 로드 완료: C:\final_project\results\live_trading\trading_stats_20240511.json
2025-05-20 14:38:43 [INFO] 트레이딩 통계 로드 완료: C:\final_project\results\live_trading\trading_stats_20240511.json
2025-05-20 14:39:24 [WARNING] GOOGL 시장 데이터 파일이 없습니다.
2025-05-20 14:39:37 [WARNING] GOOGL 시장 데이터 파일이 없습니다.
2025-05-20 14:51:48 [INFO] 트레이딩 통계 로드 완료: C:\final_project\results\live_trading\trading_stats_20240511.json
2025-05-20 14:51:48 [WARNING] GOOGL 시장 데이터 파일이 없습니다.
2025-05-20 14:53:24 [INFO] 트레이딩 통계 로드 완료: C:\final_project\results\live_trading\trading_stats_20240511.json
2025-05-20 14:53:24 [INFO] 트레이딩 통계 로드 완료: C:\final_project\results\live_trading\trading_stats_20240511.json
2025-05-20 14:54:24 [WARNING] GOOGL 시장 데이터 파일이 없습니다.
2025-05-20 14:54:34 [INFO] 트레이딩 통계 로드 완료: C:\final_project\results\live_trading\trading_stats_20240511.json
2025-05-20 14:55:34 [INFO] 트레이딩 통계 로드 완료: C:\final_project\results\live_trading\trading_stats_20240511.json
2025-05-20 14:56:34 [INFO] 트레이딩 통계 로드 완료: C:\final_project\results\live_trading\trading_stats_20240511.json
2025-05-20 14:57:34 [INFO] 트레이딩 통계 로드 완료: C:\final_project\results\live_trading\trading_stats_20240511.json
2025-05-20 14:58:34 [INFO] 트레이딩 통계 로드 완료: C:\final_project\results\live_trading\trading_stats_20240511.json
2025-05-20 14:59:34 [INFO] 트레이딩 통계 로드 완료: C:\final_project\results\live_trading\trading_stats_20240511.json
2025-05-20 15:01:27 [INFO] 트레이딩 통계 로드 완료: C:\final_project\results\live_trading\trading_stats_20240511.json
