2025-05-15 16:18:19 - sac_trading - INFO - run_training 시작
2025-05-15 16:18:19 - sac_trading - INFO - 학습 시작: 대상 심볼 ['AAPL', 'TSLA']
2025-05-15 16:18:19 - sac_trading - INFO - DB 엔진 생성 성공
2025-05-15 16:18:19 - sac_trading - INFO - DataCollector 초기화 완료: 2개 종목 대상
2025-05-15 16:18:19 - sac_trading - INFO - 저장된 데이터 로드 중...
2025-05-15 16:18:19 - sac_trading - INFO - AAPL 데이터 로드 시작...
2025-05-15 16:18:21 - sac_trading - INFO - AAPL 데이터 로드 완료: 283683 행
2025-05-15 16:18:21 - sac_trading - INFO - TSLA 데이터 로드 시작...
2025-05-15 16:18:23 - sac_trading - INFO - TSLA 데이터 로드 완료: 160774 행
2025-05-15 16:18:23 - sac_trading - INFO - 총 2/2 종목 데이터 로드 완료
2025-05-15 16:18:23 - sac_trading - INFO - 데이터 전처리 중...
2025-05-15 16:18:23 - sac_trading - INFO - DataProcessor 초기화 완료: 윈도우 크기 30
2025-05-15 16:18:23 - sac_trading - INFO - AAPL 데이터 전처리 시작
2025-05-15 16:18:23 - sac_trading - INFO - open 컬럼을 float64 타입으로 변환했습니다
2025-05-15 16:18:23 - sac_trading - INFO - high 컬럼을 float64 타입으로 변환했습니다
2025-05-15 16:18:23 - sac_trading - INFO - low 컬럼을 float64 타입으로 변환했습니다
2025-05-15 16:18:23 - sac_trading - INFO - close 컬럼을 float64 타입으로 변환했습니다
2025-05-15 16:18:23 - sac_trading - INFO - volume 컬럼을 float64 타입으로 변환했습니다
2025-05-15 16:18:23 - sac_trading - INFO - 데이터 전처리 완료: 277935 행
2025-05-15 16:18:24 - sac_trading - INFO - 특성 추출 완료: 40개 특성
2025-05-15 16:18:24 - sac_trading - INFO - AAPL 데이터 정규화 완료
2025-05-15 16:18:34 - sac_trading - INFO - 윈도우 샘플 생성 완료: X 형태 (277905, 30, 40), y 형태 (277905,)
2025-05-15 16:18:34 - sac_trading - INFO - 데이터 분할 완료: 학습 194533개, 검증 41686개, 테스트 41686개
2025-05-15 16:18:34 - sac_trading - INFO - AAPL 데이터 전처리 완료
2025-05-15 16:18:34 - sac_trading - INFO - TSLA 데이터 전처리 시작
2025-05-15 16:18:34 - sac_trading - INFO - open 컬럼을 float64 타입으로 변환했습니다
2025-05-15 16:18:34 - sac_trading - INFO - high 컬럼을 float64 타입으로 변환했습니다
2025-05-15 16:18:34 - sac_trading - INFO - low 컬럼을 float64 타입으로 변환했습니다
2025-05-15 16:18:34 - sac_trading - INFO - close 컬럼을 float64 타입으로 변환했습니다
2025-05-15 16:18:34 - sac_trading - INFO - volume 컬럼을 float64 타입으로 변환했습니다
2025-05-15 16:18:34 - sac_trading - INFO - 데이터 전처리 완료: 159814 행
2025-05-15 16:18:34 - sac_trading - INFO - 특성 추출 완료: 40개 특성
2025-05-15 16:18:35 - sac_trading - INFO - TSLA 데이터 정규화 완료
2025-05-15 16:18:40 - sac_trading - INFO - 윈도우 샘플 생성 완료: X 형태 (159784, 30, 40), y 형태 (159784,)
2025-05-15 16:18:40 - sac_trading - INFO - 데이터 분할 완료: 학습 111848개, 검증 23968개, 테스트 23968개
2025-05-15 16:18:40 - sac_trading - INFO - TSLA 데이터 전처리 완료
2025-05-15 16:18:40 - sac_trading - INFO - 총 2/2 종목 데이터 전처리 완료
2025-05-15 16:18:40 - sac_trading - INFO - 단일 자산 트레이딩 환경 생성 중: AAPL
2025-05-15 16:18:40 - sac_trading - INFO - AAPL 트레이딩 환경 초기화 완료: 데이터 길이 277935
2025-05-15 16:18:40 - sac_trading - INFO - SAC 에이전트 생성 중...
2025-05-15 16:18:40 - sac_trading - INFO - Actor 네트워크 초기화 완료: 상태 차원 1202, 행동 차원 1
2025-05-15 16:18:40 - sac_trading - INFO - Critic 네트워크 초기화 완료: 상태 차원 1202, 행동 차원 1
2025-05-15 16:18:40 - sac_trading - INFO - Critic 네트워크 초기화 완료: 상태 차원 1202, 행동 차원 1
2025-05-15 16:18:42 - sac_trading - INFO - SAC 에이전트 초기화 완료: 행동 차원 1, 일반 모델 사용
2025-05-15 16:18:42 - sac_trading - INFO - 트레이너 생성 중...
2025-05-15 16:18:42 - sac_trading - INFO - Trainer 초기화 완료: 1000개 에피소드, 배치 크기 256
2025-05-15 16:18:42 - sac_trading - INFO - 학습 시작...
2025-05-15 16:18:42 - sac_trading - INFO - 학습 시작: 1000개 에피소드
2025-05-15 16:18:42 - sac_trading - WARNING - 현재 가격이 0 이하입니다: -1.281196534480394
2025-05-15 16:18:42 - sac_trading - WARNING - 현재 가격이 0 이하입니다: -1.281196534480394
2025-05-15 16:18:42 - sac_trading - WARNING - 현재 가격이 0 이하입니다: -1.281196534480394
2025-05-15 16:18:42 - sac_trading - WARNING - 현재 가격이 0 이하입니다: -1.281196534480394
2025-05-15 16:18:42 - sac_trading - WARNING - 현재 가격이 0 이하입니다: -1.281196534480394
2025-05-15 16:18:42 - sac_trading - WARNING - 현재 가격이 0 이하입니다: -1.281196534480394
2025-05-15 16:18:42 - sac_trading - WARNING - 현재 가격이 0 이하입니다: -1.281196534480394
2025-05-15 16:18:42 - sac_trading - WARNING - 현재 가격이 0 이하입니다: -1.281196534480394
2025-05-15 16:18:42 - sac_trading - WARNING - 현재 가격이 0 이하입니다: -1.281196534480394
2025-05-15 16:18:42 - sac_trading - WARNING - 현재 가격이 0 이하입니다: -1.281196534480394
2025-05-15 16:18:42 - sac_trading - WARNING - 현재 가격이 0 이하입니다: -1.281196534480394
2025-05-15 16:18:42 - sac_trading - WARNING - 현재 가격이 0 이하입니다: -1.281196534480394
2025-05-15 16:18:42 - sac_trading - WARNING - 현재 가격이 0 이하입니다: -1.281196534480394
2025-05-15 16:18:42 - sac_trading - WARNING - 현재 가격이 0 이하입니다: -1.281196534480394
2025-05-15 16:18:42 - sac_trading - WARNING - 현재 가격이 0 이하입니다: -1.281196534480394
2025-05-15 16:18:42 - sac_trading - WARNING - 현재 가격이 0 이하입니다: -1.281196534480394
2025-05-15 16:18:42 - sac_trading - WARNING - 현재 가격이 0 이하입니다: -1.281196534480394
2025-05-15 16:18:42 - sac_trading - WARNING - 현재 가격이 0 이하입니다: -1.281196534480394
2025-05-15 16:18:42 - sac_trading - WARNING - 현재 가격이 0 이하입니다: -1.281196534480394
2025-05-15 16:18:42 - sac_trading - WARNING - 현재 가격이 0 이하입니다: -1.281196534480394
2025-05-15 16:18:42 - sac_trading - WARNING - 현재 가격이 0 이하입니다: -1.281196534480394
2025-05-15 16:18:42 - sac_trading - WARNING - 현재 가격이 0 이하입니다: -1.281196534480394
2025-05-15 16:18:42 - sac_trading - WARNING - 현재 가격이 0 이하입니다: -1.281196534480394
2025-05-15 16:18:42 - sac_trading - WARNING - 현재 가격이 0 이하입니다: -1.281196534480394
2025-05-15 16:18:42 - sac_trading - WARNING - 현재 가격이 0 이하입니다: -1.281196534480394
2025-05-15 16:18:42 - sac_trading - WARNING - 현재 가격이 0 이하입니다: -1.281196534480394
2025-05-15 16:18:42 - sac_trading - WARNING - 현재 가격이 0 이하입니다: -1.281196534480394
2025-05-15 16:18:42 - sac_trading - WARNING - 현재 가격이 0 이하입니다: -1.281196534480394
2025-05-15 16:18:42 - sac_trading - WARNING - 현재 가격이 0 이하입니다: -1.281196534480394
2025-05-15 16:18:42 - sac_trading - WARNING - 현재 가격이 0 이하입니다: -1.281196534480394
2025-05-15 16:18:42 - sac_trading - WARNING - 현재 가격이 0 이하입니다: -1.281196534480394
2025-05-15 16:18:42 - sac_trading - WARNING - 현재 가격이 0 이하입니다: -1.281196534480394
2025-05-15 16:18:42 - sac_trading - WARNING - 현재 가격이 0 이하입니다: -1.281196534480394
2025-05-15 16:18:42 - sac_trading - WARNING - 현재 가격이 0 이하입니다: -1.281196534480394
2025-05-15 16:18:42 - sac_trading - WARNING - 현재 가격이 0 이하입니다: -1.281196534480394
2025-05-15 16:18:43 - sac_trading - WARNING - 현재 가격이 0 이하입니다: -1.281196534480394
2025-05-15 16:18:43 - sac_trading - WARNING - 현재 가격이 0 이하입니다: -1.281196534480394
2025-05-15 16:18:43 - sac_trading - WARNING - 현재 가격이 0 이하입니다: -1.281196534480394
2025-05-15 16:18:43 - sac_trading - WARNING - 현재 가격이 0 이하입니다: -1.281196534480394
2025-05-15 16:18:43 - sac_trading - WARNING - 현재 가격이 0 이하입니다: -1.281196534480394
2025-05-15 16:18:43 - sac_trading - WARNING - 현재 가격이 0 이하입니다: -1.281196534480394
2025-05-15 16:18:43 - sac_trading - WARNING - 현재 가격이 0 이하입니다: -1.281196534480394
2025-05-15 16:18:43 - sac_trading - WARNING - 현재 가격이 0 이하입니다: -1.281196534480394
2025-05-15 16:18:43 - sac_trading - WARNING - 현재 가격이 0 이하입니다: -1.281196534480394
2025-05-15 16:18:43 - sac_trading - WARNING - 현재 가격이 0 이하입니다: -1.281196534480394
2025-05-15 16:18:43 - sac_trading - WARNING - 현재 가격이 0 이하입니다: -1.281196534480394
2025-05-15 16:18:43 - sac_trading - WARNING - 현재 가격이 0 이하입니다: -1.281196534480394
2025-05-15 16:18:43 - sac_trading - WARNING - 현재 가격이 0 이하입니다: -1.281196534480394
2025-05-15 16:18:43 - sac_trading - WARNING - 현재 가격이 0 이하입니다: -1.281196534480394
2025-05-15 16:18:43 - sac_trading - WARNING - 현재 가격이 0 이하입니다: -1.281196534480394
2025-05-15 16:18:43 - sac_trading - WARNING - 현재 가격이 0 이하입니다: -1.281196534480394
2025-05-15 16:18:43 - sac_trading - WARNING - 현재 가격이 0 이하입니다: -1.281196534480394
2025-05-15 16:18:43 - sac_trading - WARNING - 현재 가격이 0 이하입니다: -1.281196534480394
2025-05-15 16:18:43 - sac_trading - WARNING - 현재 가격이 0 이하입니다: -1.281196534480394
2025-05-15 16:18:43 - sac_trading - WARNING - 현재 가격이 0 이하입니다: -1.281196534480394
2025-05-15 16:18:43 - sac_trading - WARNING - 현재 가격이 0 이하입니다: -1.281196534480394
2025-05-15 16:18:43 - sac_trading - WARNING - 현재 가격이 0 이하입니다: -1.281196534480394
2025-05-15 16:18:43 - sac_trading - WARNING - 현재 가격이 0 이하입니다: -1.281196534480394
2025-05-15 16:18:43 - sac_trading - WARNING - 현재 가격이 0 이하입니다: -1.281196534480394
2025-05-15 16:18:43 - sac_trading - WARNING - 현재 가격이 0 이하입니다: -1.281196534480394
2025-05-15 16:18:43 - sac_trading - WARNING - 현재 가격이 0 이하입니다: -1.281196534480394
2025-05-15 16:18:43 - sac_trading - WARNING - 현재 가격이 0 이하입니다: -1.281196534480394
2025-05-15 16:18:43 - sac_trading - WARNING - 현재 가격이 0 이하입니다: -1.281196534480394
2025-05-15 16:18:43 - sac_trading - WARNING - 현재 가격이 0 이하입니다: -1.281196534480394
2025-05-15 16:18:43 - sac_trading - WARNING - 현재 가격이 0 이하입니다: -1.281196534480394
2025-05-15 16:18:43 - sac_trading - WARNING - 현재 가격이 0 이하입니다: -1.281196534480394
2025-05-15 16:18:43 - sac_trading - WARNING - 현재 가격이 0 이하입니다: -1.281196534480394
2025-05-15 16:18:43 - sac_trading - WARNING - 현재 가격이 0 이하입니다: -1.281196534480394
2025-05-15 16:18:43 - sac_trading - WARNING - 현재 가격이 0 이하입니다: -1.281196534480394
2025-05-15 16:18:43 - sac_trading - WARNING - 현재 가격이 0 이하입니다: -1.281196534480394
2025-05-15 16:18:43 - sac_trading - WARNING - 현재 가격이 0 이하입니다: -1.281196534480394
2025-05-15 16:18:43 - sac_trading - WARNING - 현재 가격이 0 이하입니다: -1.281196534480394
2025-05-15 16:18:43 - sac_trading - WARNING - 현재 가격이 0 이하입니다: -1.281196534480394
2025-05-15 16:18:43 - sac_trading - WARNING - 현재 가격이 0 이하입니다: -1.281196534480394
2025-05-15 16:18:43 - sac_trading - WARNING - 현재 가격이 0 이하입니다: -1.281196534480394
2025-05-15 16:18:43 - sac_trading - WARNING - 현재 가격이 0 이하입니다: -1.281196534480394
2025-05-15 16:18:43 - sac_trading - WARNING - 현재 가격이 0 이하입니다: -1.281196534480394
2025-05-15 16:18:43 - sac_trading - WARNING - 현재 가격이 0 이하입니다: -1.281196534480394
2025-05-15 16:18:43 - sac_trading - WARNING - 현재 가격이 0 이하입니다: -1.281196534480394
2025-05-15 16:18:43 - sac_trading - WARNING - 현재 가격이 0 이하입니다: -1.281196534480394
2025-05-15 16:18:43 - sac_trading - WARNING - 현재 가격이 0 이하입니다: -1.281196534480394
2025-05-15 16:18:43 - sac_trading - WARNING - 현재 가격이 0 이하입니다: -1.281196534480394
2025-05-15 16:18:43 - sac_trading - WARNING - 현재 가격이 0 이하입니다: -1.281196534480394
2025-05-15 16:18:43 - sac_trading - WARNING - 현재 가격이 0 이하입니다: -1.281196534480394
2025-05-15 16:18:43 - sac_trading - WARNING - 현재 가격이 0 이하입니다: -1.281196534480394
2025-05-15 16:18:43 - sac_trading - WARNING - 현재 가격이 0 이하입니다: -1.281196534480394
2025-05-15 16:18:43 - sac_trading - WARNING - 현재 가격이 0 이하입니다: -1.281196534480394
2025-05-15 16:18:43 - sac_trading - WARNING - 현재 가격이 0 이하입니다: -1.281196534480394
2025-05-15 16:18:43 - sac_trading - WARNING - 현재 가격이 0 이하입니다: -1.281196534480394
2025-05-15 16:18:43 - sac_trading - WARNING - 현재 가격이 0 이하입니다: -1.281196534480394
2025-05-15 16:18:43 - sac_trading - WARNING - 현재 가격이 0 이하입니다: -1.281196534480394
2025-05-15 16:18:43 - sac_trading - WARNING - 현재 가격이 0 이하입니다: -1.281196534480394
2025-05-15 16:18:43 - sac_trading - WARNING - 현재 가격이 0 이하입니다: -1.281196534480394
2025-05-15 16:18:43 - sac_trading - WARNING - 현재 가격이 0 이하입니다: -1.281196534480394
2025-05-15 16:18:43 - sac_trading - WARNING - 현재 가격이 0 이하입니다: -1.281196534480394
2025-05-15 16:18:43 - sac_trading - WARNING - 현재 가격이 0 이하입니다: -1.281196534480394
2025-05-15 16:18:43 - sac_trading - WARNING - 현재 가격이 0 이하입니다: -1.281196534480394
2025-05-15 16:18:43 - sac_trading - WARNING - 현재 가격이 0 이하입니다: -1.281196534480394
2025-05-15 16:18:43 - sac_trading - WARNING - 현재 가격이 0 이하입니다: -1.281196534480394
2025-05-15 16:18:43 - sac_trading - WARNING - 현재 가격이 0 이하입니다: -1.281196534480394
2025-05-15 16:18:43 - sac_trading - WARNING - 현재 가격이 0 이하입니다: -1.281196534480394
2025-05-15 16:18:43 - sac_trading - WARNING - 현재 가격이 0 이하입니다: -1.281196534480394
2025-05-15 16:18:43 - sac_trading - WARNING - 현재 가격이 0 이하입니다: -1.281196534480394
2025-05-15 16:18:43 - sac_trading - WARNING - 현재 가격이 0 이하입니다: -1.281196534480394
2025-05-15 16:18:43 - sac_trading - WARNING - 현재 가격이 0 이하입니다: -1.281196534480394
2025-05-15 16:18:43 - sac_trading - WARNING - 현재 가격이 0 이하입니다: -1.281196534480394
2025-05-15 16:18:43 - sac_trading - WARNING - 현재 가격이 0 이하입니다: -1.281196534480394
2025-05-15 16:18:43 - sac_trading - WARNING - 현재 가격이 0 이하입니다: -1.281196534480394
2025-05-15 16:18:43 - sac_trading - WARNING - 현재 가격이 0 이하입니다: -1.281196534480394
2025-05-15 16:18:43 - sac_trading - WARNING - 현재 가격이 0 이하입니다: -1.281196534480394
2025-05-15 16:18:43 - sac_trading - WARNING - 현재 가격이 0 이하입니다: -1.281196534480394
2025-05-15 16:18:43 - sac_trading - WARNING - 현재 가격이 0 이하입니다: -1.281196534480394
2025-05-15 16:18:43 - sac_trading - WARNING - 현재 가격이 0 이하입니다: -1.281196534480394
2025-05-15 16:18:43 - sac_trading - WARNING - 현재 가격이 0 이하입니다: -1.281196534480394
2025-05-15 16:18:43 - sac_trading - WARNING - 현재 가격이 0 이하입니다: -1.281196534480394
2025-05-15 16:18:43 - sac_trading - WARNING - 현재 가격이 0 이하입니다: -1.281196534480394
2025-05-15 16:18:43 - sac_trading - WARNING - 현재 가격이 0 이하입니다: -1.281196534480394
2025-05-15 16:18:43 - sac_trading - WARNING - 현재 가격이 0 이하입니다: -1.281196534480394
2025-05-15 16:18:43 - sac_trading - WARNING - 현재 가격이 0 이하입니다: -1.281196534480394
2025-05-15 16:18:43 - sac_trading - WARNING - 현재 가격이 0 이하입니다: -1.281196534480394
2025-05-15 16:18:43 - sac_trading - WARNING - 현재 가격이 0 이하입니다: -1.281196534480394
2025-05-15 16:18:43 - sac_trading - WARNING - 현재 가격이 0 이하입니다: -1.281196534480394
2025-05-15 16:18:43 - sac_trading - WARNING - 현재 가격이 0 이하입니다: -1.281196534480394
2025-05-15 16:18:43 - sac_trading - WARNING - 현재 가격이 0 이하입니다: -1.281196534480394
2025-05-15 16:18:43 - sac_trading - WARNING - 현재 가격이 0 이하입니다: -1.281196534480394
2025-05-15 16:18:43 - sac_trading - WARNING - 현재 가격이 0 이하입니다: -1.281196534480394
2025-05-15 16:18:43 - sac_trading - WARNING - 현재 가격이 0 이하입니다: -1.281196534480394
2025-05-15 16:18:43 - sac_trading - WARNING - 현재 가격이 0 이하입니다: -1.281196534480394
2025-05-15 16:18:43 - sac_trading - WARNING - 현재 가격이 0 이하입니다: -1.281196534480394
2025-05-15 16:18:43 - sac_trading - WARNING - 현재 가격이 0 이하입니다: -1.281196534480394
2025-05-15 16:18:43 - sac_trading - WARNING - 현재 가격이 0 이하입니다: -1.281196534480394
2025-05-15 16:18:43 - sac_trading - WARNING - 현재 가격이 0 이하입니다: -1.281196534480394
2025-05-15 16:18:43 - sac_trading - WARNING - 현재 가격이 0 이하입니다: -1.281196534480394
2025-05-15 16:18:43 - sac_trading - WARNING - 현재 가격이 0 이하입니다: -1.281196534480394
2025-05-15 16:18:43 - sac_trading - WARNING - 현재 가격이 0 이하입니다: -1.281196534480394
2025-05-15 16:18:43 - sac_trading - WARNING - 현재 가격이 0 이하입니다: -1.281196534480394
2025-05-15 16:18:43 - sac_trading - WARNING - 현재 가격이 0 이하입니다: -1.281196534480394
2025-05-15 16:18:43 - sac_trading - WARNING - 현재 가격이 0 이하입니다: -1.281196534480394
2025-05-15 16:18:43 - sac_trading - WARNING - 현재 가격이 0 이하입니다: -1.281196534480394
2025-05-15 16:18:43 - sac_trading - WARNING - 현재 가격이 0 이하입니다: -1.281196534480394
2025-05-15 16:18:43 - sac_trading - WARNING - 현재 가격이 0 이하입니다: -1.281196534480394
2025-05-15 16:18:43 - sac_trading - WARNING - 현재 가격이 0 이하입니다: -1.281196534480394
2025-05-15 16:18:43 - sac_trading - WARNING - 현재 가격이 0 이하입니다: -1.281196534480394
2025-05-15 16:18:43 - sac_trading - WARNING - 현재 가격이 0 이하입니다: -1.281196534480394
2025-05-15 16:18:43 - sac_trading - WARNING - 현재 가격이 0 이하입니다: -1.281196534480394
2025-05-15 16:18:43 - sac_trading - WARNING - 현재 가격이 0 이하입니다: -1.281196534480394
2025-05-15 16:18:43 - sac_trading - WARNING - 현재 가격이 0 이하입니다: -1.281196534480394
2025-05-15 16:18:43 - sac_trading - WARNING - 현재 가격이 0 이하입니다: -1.281196534480394
2025-05-15 16:18:43 - sac_trading - WARNING - 현재 가격이 0 이하입니다: -1.281196534480394
2025-05-15 16:18:43 - sac_trading - WARNING - 현재 가격이 0 이하입니다: -1.281196534480394
2025-05-15 16:18:43 - sac_trading - WARNING - 현재 가격이 0 이하입니다: -1.281196534480394
2025-05-15 16:18:43 - sac_trading - WARNING - 현재 가격이 0 이하입니다: -1.281196534480394
2025-05-15 16:18:43 - sac_trading - WARNING - 현재 가격이 0 이하입니다: -1.281196534480394
2025-05-15 16:18:43 - sac_trading - WARNING - 현재 가격이 0 이하입니다: -1.281196534480394
2025-05-15 16:18:43 - sac_trading - WARNING - 현재 가격이 0 이하입니다: -1.281196534480394
2025-05-15 16:18:43 - sac_trading - WARNING - 현재 가격이 0 이하입니다: -1.281196534480394
2025-05-15 16:18:43 - sac_trading - WARNING - 현재 가격이 0 이하입니다: -1.281196534480394
2025-05-15 16:18:43 - sac_trading - WARNING - 현재 가격이 0 이하입니다: -1.281196534480394
2025-05-15 16:18:43 - sac_trading - WARNING - 현재 가격이 0 이하입니다: -1.281196534480394
2025-05-15 16:18:43 - sac_trading - WARNING - 현재 가격이 0 이하입니다: -1.281196534480394
2025-05-15 16:18:43 - sac_trading - WARNING - 현재 가격이 0 이하입니다: -1.281196534480394
2025-05-15 16:18:43 - sac_trading - WARNING - 현재 가격이 0 이하입니다: -1.281196534480394
2025-05-15 16:20:29 - sac_trading - WARNING - 현재 가격이 0 이하입니다: -1.281196534480394
2025-05-15 16:20:29 - sac_trading - WARNING - 현재 가격이 0 이하입니다: -1.281196534480394
2025-05-15 16:20:29 - sac_trading - WARNING - 현재 가격이 0 이하입니다: -1.281196534480394
2025-05-15 16:20:29 - sac_trading - WARNING - 현재 가격이 0 이하입니다: -1.281196534480394
2025-05-15 16:20:29 - sac_trading - WARNING - 현재 가격이 0 이하입니다: -1.281196534480394
2025-05-15 16:20:29 - sac_trading - WARNING - 현재 가격이 0 이하입니다: -1.281196534480394
2025-05-15 16:20:29 - sac_trading - WARNING - 현재 가격이 0 이하입니다: -1.281196534480394
2025-05-15 16:20:29 - sac_trading - WARNING - 현재 가격이 0 이하입니다: -1.281196534480394
2025-05-15 16:20:29 - sac_trading - WARNING - 현재 가격이 0 이하입니다: -1.281196534480394
2025-05-15 16:20:29 - sac_trading - WARNING - 현재 가격이 0 이하입니다: -1.281196534480394
2025-05-15 16:20:29 - sac_trading - WARNING - 현재 가격이 0 이하입니다: -1.281196534480394
2025-05-15 16:20:29 - sac_trading - WARNING - 현재 가격이 0 이하입니다: -1.281196534480394
2025-05-15 16:20:29 - sac_trading - WARNING - 현재 가격이 0 이하입니다: -1.281196534480394
2025-05-15 16:20:29 - sac_trading - WARNING - 현재 가격이 0 이하입니다: -1.281196534480394
2025-05-15 16:20:29 - sac_trading - WARNING - 현재 가격이 0 이하입니다: -1.281196534480394
2025-05-15 16:20:29 - sac_trading - WARNING - 현재 가격이 0 이하입니다: -1.281196534480394
2025-05-15 16:20:29 - sac_trading - WARNING - 현재 가격이 0 이하입니다: -1.281196534480394
2025-05-15 16:20:29 - sac_trading - WARNING - 현재 가격이 0 이하입니다: -1.281196534480394
2025-05-15 16:20:29 - sac_trading - WARNING - 현재 가격이 0 이하입니다: -1.281196534480394
2025-05-15 16:20:29 - sac_trading - WARNING - 현재 가격이 0 이하입니다: -1.281196534480394
2025-05-15 16:20:29 - sac_trading - WARNING - 현재 가격이 0 이하입니다: -1.281196534480394
2025-05-15 16:20:29 - sac_trading - WARNING - 현재 가격이 0 이하입니다: -1.281196534480394
2025-05-15 16:20:29 - sac_trading - WARNING - 현재 가격이 0 이하입니다: -1.281196534480394
2025-05-15 16:20:29 - sac_trading - WARNING - 현재 가격이 0 이하입니다: -1.281196534480394
2025-05-15 16:20:29 - sac_trading - WARNING - 현재 가격이 0 이하입니다: -1.281196534480394
2025-05-15 16:20:29 - sac_trading - WARNING - 현재 가격이 0 이하입니다: -1.281196534480394
2025-05-15 16:20:29 - sac_trading - WARNING - 현재 가격이 0 이하입니다: -1.281196534480394
2025-05-15 16:20:29 - sac_trading - WARNING - 현재 가격이 0 이하입니다: -1.281196534480394
2025-05-15 16:20:29 - sac_trading - WARNING - 현재 가격이 0 이하입니다: -1.281196534480394
2025-05-15 16:20:29 - sac_trading - WARNING - 현재 가격이 0 이하입니다: -1.281196534480394
2025-05-15 16:20:29 - sac_trading - WARNING - 현재 가격이 0 이하입니다: -1.281196534480394
2025-05-15 16:20:29 - sac_trading - WARNING - 현재 가격이 0 이하입니다: -1.281196534480394
2025-05-15 16:20:29 - sac_trading - WARNING - 현재 가격이 0 이하입니다: -1.281196534480394
2025-05-15 16:20:29 - sac_trading - WARNING - 현재 가격이 0 이하입니다: -1.281196534480394
2025-05-15 16:20:29 - sac_trading - WARNING - 현재 가격이 0 이하입니다: -1.281196534480394
2025-05-15 16:20:29 - sac_trading - WARNING - 현재 가격이 0 이하입니다: -1.281196534480394
2025-05-15 16:20:29 - sac_trading - WARNING - 현재 가격이 0 이하입니다: -1.281196534480394
2025-05-15 16:20:29 - sac_trading - WARNING - 현재 가격이 0 이하입니다: -1.281196534480394
2025-05-15 16:20:29 - sac_trading - WARNING - 현재 가격이 0 이하입니다: -1.281196534480394
2025-05-15 16:20:29 - sac_trading - WARNING - 현재 가격이 0 이하입니다: -1.281196534480394
2025-05-15 16:20:29 - sac_trading - WARNING - 현재 가격이 0 이하입니다: -1.281196534480394
2025-05-15 16:20:29 - sac_trading - WARNING - 현재 가격이 0 이하입니다: -1.281196534480394
2025-05-15 16:20:29 - sac_trading - WARNING - 현재 가격이 0 이하입니다: -1.281196534480394
2025-05-15 16:20:29 - sac_trading - WARNING - 현재 가격이 0 이하입니다: -1.281196534480394
2025-05-15 16:20:29 - sac_trading - WARNING - 현재 가격이 0 이하입니다: -1.281196534480394
2025-05-15 16:20:29 - sac_trading - WARNING - 현재 가격이 0 이하입니다: -1.281196534480394
2025-05-15 16:20:29 - sac_trading - WARNING - 현재 가격이 0 이하입니다: -1.281196534480394
2025-05-15 16:20:29 - sac_trading - WARNING - 현재 가격이 0 이하입니다: -1.281196534480394
2025-05-15 16:20:29 - sac_trading - WARNING - 현재 가격이 0 이하입니다: -1.281196534480394
2025-05-15 16:20:29 - sac_trading - WARNING - 현재 가격이 0 이하입니다: -1.281196534480394
2025-05-15 16:20:29 - sac_trading - WARNING - 현재 가격이 0 이하입니다: -1.281196534480394
2025-05-15 16:20:29 - sac_trading - WARNING - 현재 가격이 0 이하입니다: -1.281196534480394
2025-05-15 16:20:29 - sac_trading - WARNING - 현재 가격이 0 이하입니다: -1.281196534480394
2025-05-15 16:20:29 - sac_trading - WARNING - 현재 가격이 0 이하입니다: -1.281196534480394
2025-05-15 16:20:29 - sac_trading - WARNING - 현재 가격이 0 이하입니다: -1.281196534480394
2025-05-15 16:20:29 - sac_trading - WARNING - 현재 가격이 0 이하입니다: -1.281196534480394
