2025-05-10 23:01:45 - sac_trading - INFO - DataCollector 초기화 완료: 10개 종목 대상
2025-05-10 23:01:45 - sac_trading - INFO - AAPL 일별 데이터 수집 시작...
2025-05-10 23:01:47 - sac_trading - INFO - AAPL 데이터 수집 완료: 3108 행
2025-05-10 23:01:59 - sac_trading - INFO - MSFT 일별 데이터 수집 시작...
2025-05-10 23:02:01 - sac_trading - INFO - MSFT 데이터 수집 완료: 3108 행
2025-05-10 23:02:13 - sac_trading - INFO - GOOGL 일별 데이터 수집 시작...
2025-05-10 23:02:14 - sac_trading - INFO - GOOGL 데이터 수집 완료: 3108 행
2025-05-10 23:02:26 - sac_trading - INFO - AMZN 일별 데이터 수집 시작...
2025-05-10 23:02:28 - sac_trading - INFO - AMZN 데이터 수집 완료: 3108 행
2025-05-10 23:02:40 - sac_trading - INFO - META 일별 데이터 수집 시작...
2025-05-10 23:02:41 - sac_trading - INFO - META 데이터 수집 완료: 3108 행
2025-05-10 23:02:53 - sac_trading - INFO - NVDA 일별 데이터 수집 시작...
2025-05-10 23:02:55 - sac_trading - INFO - NVDA 데이터 수집 완료: 3108 행
2025-05-10 23:03:07 - sac_trading - INFO - TSLA 일별 데이터 수집 시작...
2025-05-10 23:03:09 - sac_trading - INFO - TSLA 데이터 수집 완료: 3108 행
2025-05-10 23:03:21 - sac_trading - INFO - NFLX 일별 데이터 수집 시작...
2025-05-10 23:03:22 - sac_trading - INFO - NFLX 데이터 수집 완료: 3108 행
2025-05-10 23:03:34 - sac_trading - INFO - INTC 일별 데이터 수집 시작...
2025-05-10 23:03:36 - sac_trading - INFO - INTC 데이터 수집 완료: 3108 행
2025-05-10 23:03:48 - sac_trading - INFO - AMD 일별 데이터 수집 시작...
2025-05-10 23:03:50 - sac_trading - INFO - AMD 데이터 수집 완료: 3108 행
2025-05-10 23:04:02 - sac_trading - INFO - 총 10/10 종목 데이터 수집 완료
2025-05-10 23:04:02 - sac_trading - INFO - 모든 데이터 저장 완료: D:\trading_projects\v02_sac-trading\data\20250510
