2025-05-16 10:57:42 - sac_trading - INFO - 평가 시작: 대상 심볼 ['AAPL']
2025-05-16 10:57:42 - sac_trading - INFO - DB 엔진 생성 성공
2025-05-16 10:57:42 - sac_trading - INFO - DataCollector 초기화 완료: 1개 종목 대상
2025-05-16 10:57:42 - sac_trading - INFO - 저장된 데이터 로드 중...
2025-05-16 10:57:42 - sac_trading - INFO - AAPL 데이터 로드 시작...
2025-05-16 10:57:44 - sac_trading - INFO - AAPL 데이터 로드 완료: 283683 행
2025-05-16 10:57:44 - sac_trading - INFO - 총 1/1 종목 데이터 로드 완료
2025-05-16 10:57:44 - sac_trading - INFO - 데이터 전처리 중...
2025-05-16 10:57:44 - sac_trading - INFO - DataProcessor 초기화 완료: 윈도우 크기 1
2025-05-16 10:57:44 - sac_trading - INFO - AAPL 데이터 전처리 시작
2025-05-16 10:57:44 - sac_trading - INFO - open 컬럼을 float64 타입으로 변환했습니다
2025-05-16 10:57:44 - sac_trading - INFO - high 컬럼을 float64 타입으로 변환했습니다
2025-05-16 10:57:44 - sac_trading - INFO - low 컬럼을 float64 타입으로 변환했습니다
2025-05-16 10:57:44 - sac_trading - INFO - close 컬럼을 float64 타입으로 변환했습니다
2025-05-16 10:57:44 - sac_trading - INFO - volume 컬럼을 float64 타입으로 변환했습니다
2025-05-16 10:57:44 - sac_trading - INFO - 데이터 전처리 완료: 277935 행
2025-05-16 10:57:45 - sac_trading - INFO - 특성 추출 완료: 40개 특성
2025-05-16 10:57:46 - sac_trading - INFO - AAPL 데이터 정규화 완료
2025-05-16 10:57:55 - sac_trading - INFO - 윈도우 샘플 생성 완료: X 형태 (277934, 1, 40), y 형태 (277934,)
2025-05-16 10:57:55 - sac_trading - INFO - 데이터 분할 완료: 학습 194553개, 검증 41690개, 테스트 41691개
2025-05-16 10:57:55 - sac_trading - INFO - AAPL 데이터 전처리 완료
2025-05-16 10:57:55 - sac_trading - INFO - 총 1/1 종목 데이터 전처리 완료
2025-05-16 10:57:55 - sac_trading - INFO - 단일 자산 트레이딩 환경 생성 중: AAPL
2025-05-16 10:57:55 - sac_trading - INFO - AAPL 트레이딩 환경 초기화 완료: 데이터 길이 277935
2025-05-16 10:57:55 - sac_trading - INFO - SAC 에이전트 생성 중...
2025-05-16 10:57:55 - sac_trading - INFO - Actor 네트워크 초기화 완료: 상태 차원 42, 행동 차원 1
2025-05-16 10:57:55 - sac_trading - INFO - Critic 네트워크 초기화 완료: 상태 차원 42, 행동 차원 1
2025-05-16 10:57:55 - sac_trading - INFO - Critic 네트워크 초기화 완료: 상태 차원 42, 행동 차원 1
2025-05-16 10:57:57 - sac_trading - INFO - SAC 에이전트 초기화 완료: 행동 차원 1, 일반 모델 사용
2025-05-16 10:57:57 - sac_trading - INFO - 모델 로드 중: C:/big19/파이널 프로젝트/v02_sac-trading/models/sac_model_20250515_114516
