2025-05-14 18:03:31 - sac_trading - INFO - DB 엔진 생성 성공
2025-05-14 18:03:31 - sac_trading - INFO - DataCollector 초기화 완료: 29개 종목 대상
2025-05-14 18:03:31 - sac_trading - INFO - 총 29개의 테이블 확인됨
2025-05-14 18:03:31 - sac_trading - INFO - AAPL 데이터 로드 시작...
2025-05-14 18:03:33 - sac_trading - INFO - AAPL 데이터 로드 완료: 276495 행
2025-05-14 18:03:33 - sac_trading - INFO - VALE 데이터 로드 시작...
2025-05-14 18:03:34 - sac_trading - INFO - VALE 데이터 로드 완료: 155468 행
2025-05-14 18:03:34 - sac_trading - INFO - NEM 데이터 로드 시작...
2025-05-14 18:03:35 - sac_trading - INFO - NEM 데이터 로드 완료: 156078 행
2025-05-14 18:03:35 - sac_trading - INFO - FCX 데이터 로드 시작...
2025-05-14 18:03:36 - sac_trading - INFO - FCX 데이터 로드 완료: 152955 행
2025-05-14 18:03:36 - sac_trading - INFO - T 데이터 로드 시작...
2025-05-14 18:03:38 - sac_trading - INFO - T 데이터 로드 완료: 155987 행
2025-05-14 18:03:38 - sac_trading - INFO - NFLX 데이터 로드 시작...
2025-05-14 18:03:38 - sac_trading - INFO - NFLX 데이터 로드 완료: 146117 행
2025-05-14 18:03:38 - sac_trading - INFO - WBD 데이터 로드 시작...
2025-05-14 18:03:39 - sac_trading - INFO - WBD 데이터 로드 완료: 154465 행
2025-05-14 18:03:39 - sac_trading - INFO - TSLA 데이터 로드 시작...
2025-05-14 18:03:41 - sac_trading - INFO - TSLA 데이터 로드 완료: 159814 행
2025-05-14 18:03:41 - sac_trading - INFO - AMZN 데이터 로드 시작...
2025-05-14 18:03:42 - sac_trading - INFO - AMZN 데이터 로드 완료: 159387 행
2025-05-14 18:03:42 - sac_trading - INFO - NKE 데이터 로드 시작...
2025-05-14 18:03:43 - sac_trading - INFO - NKE 데이터 로드 완료: 155579 행
2025-05-14 18:03:43 - sac_trading - INFO - PEP 데이터 로드 시작...
2025-05-14 18:03:44 - sac_trading - INFO - PEP 데이터 로드 완료: 138657 행
2025-05-14 18:03:44 - sac_trading - INFO - KVUE 데이터 로드 시작...
2025-05-14 18:03:45 - sac_trading - INFO - KVUE 데이터 로드 완료: 126070 행
2025-05-14 18:03:45 - sac_trading - INFO - PM 데이터 로드 시작...
2025-05-14 18:03:46 - sac_trading - INFO - PM 데이터 로드 완료: 131214 행
2025-05-14 18:03:46 - sac_trading - INFO - PBR 데이터 로드 시작...
2025-05-14 18:03:47 - sac_trading - INFO - PBR 데이터 로드 완료: 154045 행
2025-05-14 18:03:47 - sac_trading - INFO - KMI 데이터 로드 시작...
2025-05-14 18:03:48 - sac_trading - INFO - KMI 데이터 로드 완료: 140158 행
2025-05-14 18:03:48 - sac_trading - INFO - SHEL 데이터 로드 시작...
2025-05-14 18:03:49 - sac_trading - INFO - SHEL 데이터 로드 완료: 157404 행
2025-05-14 18:03:49 - sac_trading - INFO - ITUB 데이터 로드 시작...
2025-05-14 18:03:49 - sac_trading - INFO - ITUB 데이터 로드 완료: 123846 행
2025-05-14 18:03:49 - sac_trading - INFO - USB 데이터 로드 시작...
2025-05-14 18:03:50 - sac_trading - INFO - USB 데이터 로드 완료: 129437 행
2025-05-14 18:03:50 - sac_trading - INFO - MUFG 데이터 로드 시작...
2025-05-14 18:03:51 - sac_trading - INFO - MUFG 데이터 로드 완료: 135231 행
2025-05-14 18:03:51 - sac_trading - INFO - AZN 데이터 로드 시작...
2025-05-14 18:03:52 - sac_trading - INFO - AZN 데이터 로드 완료: 156016 행
2025-05-14 18:03:52 - sac_trading - INFO - ABT 데이터 로드 시작...
2025-05-14 18:03:53 - sac_trading - INFO - ABT 데이터 로드 완료: 124107 행
2025-05-14 18:03:53 - sac_trading - INFO - UNH 데이터 로드 시작...
2025-05-14 18:03:54 - sac_trading - INFO - UNH 데이터 로드 완료: 126883 행
2025-05-14 18:03:54 - sac_trading - INFO - CSX 데이터 로드 시작...
2025-05-14 18:03:55 - sac_trading - INFO - CSX 데이터 로드 완료: 130084 행
2025-05-14 18:03:55 - sac_trading - INFO - BA 데이터 로드 시작...
2025-05-14 18:03:56 - sac_trading - INFO - BA 데이터 로드 완료: 154001 행
2025-05-14 18:03:56 - sac_trading - INFO - RTX 데이터 로드 시작...
2025-05-14 18:03:57 - sac_trading - INFO - RTX 데이터 로드 완료: 134450 행
2025-05-14 18:03:57 - sac_trading - INFO - NVDA 데이터 로드 시작...
2025-05-14 18:03:58 - sac_trading - INFO - NVDA 데이터 로드 완료: 159803 행
2025-05-14 18:03:58 - sac_trading - INFO - ERIC 데이터 로드 시작...
2025-05-14 18:03:59 - sac_trading - INFO - ERIC 데이터 로드 완료: 154451 행
2025-05-14 18:04:14 - sac_trading - INFO - YMM 데이터 로드 시작...
