2025-05-15 14:54:46 - sac_trading - INFO - DB 엔진 생성 성공
2025-05-15 14:54:46 - sac_trading - INFO - DataCollector 초기화 완료: 2개 종목 대상
2025-05-15 14:54:46 - sac_trading - INFO - AAPL 데이터 로드 시작...
2025-05-15 14:54:49 - sac_trading - INFO - AAPL 데이터 로드 완료: 283683 행
2025-05-15 14:54:49 - sac_trading - INFO - TSLA 데이터 로드 시작...
2025-05-15 14:54:50 - sac_trading - INFO - TSLA 데이터 로드 완료: 160774 행
2025-05-15 14:54:50 - sac_trading - INFO - 총 2/2 종목 데이터 로드 완료
2025-05-15 14:54:50 - sac_trading - INFO - DataProcessor 초기화 완료: 윈도우 크기 30
2025-05-15 14:54:50 - sac_trading - INFO - AAPL 데이터 전처리 시작
2025-05-15 14:54:50 - sac_trading - INFO - open 컬럼을 float64 타입으로 변환했습니다
2025-05-15 14:54:50 - sac_trading - INFO - high 컬럼을 float64 타입으로 변환했습니다
2025-05-15 14:54:50 - sac_trading - INFO - low 컬럼을 float64 타입으로 변환했습니다
2025-05-15 14:54:50 - sac_trading - INFO - close 컬럼을 float64 타입으로 변환했습니다
2025-05-15 14:54:50 - sac_trading - INFO - volume 컬럼을 float64 타입으로 변환했습니다
2025-05-15 14:54:50 - sac_trading - INFO - 데이터 전처리 완료: 277935 행
2025-05-15 14:54:51 - sac_trading - INFO - 특성 추출 완료: 40개 특성
2025-05-15 14:54:51 - sac_trading - ERROR - AAPL 처리 중 오류 발생: 'DataProcessor' object has no attribute 'normalized_data_columns'
2025-05-15 14:54:51 - sac_trading - INFO - TSLA 데이터 전처리 시작
2025-05-15 14:54:51 - sac_trading - INFO - open 컬럼을 float64 타입으로 변환했습니다
2025-05-15 14:54:51 - sac_trading - INFO - high 컬럼을 float64 타입으로 변환했습니다
2025-05-15 14:54:51 - sac_trading - INFO - low 컬럼을 float64 타입으로 변환했습니다
2025-05-15 14:54:51 - sac_trading - INFO - close 컬럼을 float64 타입으로 변환했습니다
2025-05-15 14:54:51 - sac_trading - INFO - volume 컬럼을 float64 타입으로 변환했습니다
2025-05-15 14:54:51 - sac_trading - INFO - 데이터 전처리 완료: 159814 행
2025-05-15 14:54:51 - sac_trading - INFO - 특성 추출 완료: 40개 특성
2025-05-15 14:54:51 - sac_trading - ERROR - TSLA 처리 중 오류 발생: 'DataProcessor' object has no attribute 'normalized_data_columns'
2025-05-15 14:54:51 - sac_trading - INFO - 총 0/2 종목 데이터 전처리 완료
