2025-05-19 14:24:45 - sac_trading - INFO - DB 엔진 생성 성공
2025-05-19 14:24:45 - sac_trading - INFO - DataCollector 초기화 완료: 2개 종목 대상
2025-05-19 14:24:45 - sac_trading - INFO - AAPL 데이터 로드 시작...
2025-05-19 14:24:47 - sac_trading - INFO - AAPL 데이터 로드 완료: 285602 행
2025-05-19 14:24:47 - sac_trading - INFO - TSLA 데이터 로드 시작...
2025-05-19 14:24:48 - sac_trading - INFO - TSLA 데이터 로드 완료: 162694 행
2025-05-19 14:24:48 - sac_trading - INFO - 총 2/2 종목 데이터 로드 완료
2025-05-19 14:24:48 - sac_trading - INFO - DataProcessor 초기화 완료: 윈도우 크기 30
2025-05-19 14:24:48 - sac_trading - INFO - AAPL 데이터 전처리 시작
2025-05-19 14:24:48 - sac_trading - INFO - open 컬럼을 float64 타입으로 변환했습니다
2025-05-19 14:24:48 - sac_trading - INFO - high 컬럼을 float64 타입으로 변환했습니다
2025-05-19 14:24:48 - sac_trading - INFO - low 컬럼을 float64 타입으로 변환했습니다
2025-05-19 14:24:48 - sac_trading - INFO - close 컬럼을 float64 타입으로 변환했습니다
2025-05-19 14:24:48 - sac_trading - INFO - volume 컬럼을 float64 타입으로 변환했습니다
2025-05-19 14:24:48 - sac_trading - INFO - 데이터 전처리 완료: 278895 행
2025-05-19 14:24:49 - sac_trading - INFO - 특성 추출 완료: 40개 특성
2025-05-19 14:24:49 - sac_trading - INFO - AAPL 데이터 정규화 완료
2025-05-19 14:24:59 - sac_trading - INFO - 윈도우 샘플 생성 완료: X 형태 (278865, 30, 40), y 형태 (278865,)
2025-05-19 14:24:59 - sac_trading - INFO - 데이터 분할 완료: 학습 195205개, 검증 41830개, 테스트 41830개
2025-05-19 14:24:59 - sac_trading - INFO - AAPL 데이터 전처리 완료
2025-05-19 14:24:59 - sac_trading - INFO - TSLA 데이터 전처리 시작
2025-05-19 14:24:59 - sac_trading - INFO - open 컬럼을 float64 타입으로 변환했습니다
2025-05-19 14:24:59 - sac_trading - INFO - high 컬럼을 float64 타입으로 변환했습니다
2025-05-19 14:24:59 - sac_trading - INFO - low 컬럼을 float64 타입으로 변환했습니다
2025-05-19 14:24:59 - sac_trading - INFO - close 컬럼을 float64 타입으로 변환했습니다
2025-05-19 14:24:59 - sac_trading - INFO - volume 컬럼을 float64 타입으로 변환했습니다
2025-05-19 14:24:59 - sac_trading - INFO - 데이터 전처리 완료: 160774 행
2025-05-19 14:24:59 - sac_trading - INFO - 특성 추출 완료: 40개 특성
2025-05-19 14:25:00 - sac_trading - INFO - TSLA 데이터 정규화 완료
2025-05-19 14:25:05 - sac_trading - INFO - 윈도우 샘플 생성 완료: X 형태 (160744, 30, 40), y 형태 (160744,)
2025-05-19 14:25:05 - sac_trading - INFO - 데이터 분할 완료: 학습 112520개, 검증 24112개, 테스트 24112개
2025-05-19 14:25:05 - sac_trading - INFO - TSLA 데이터 전처리 완료
2025-05-19 14:25:05 - sac_trading - INFO - 총 2/2 종목 데이터 전처리 완료
2025-05-19 14:25:05 - sac_trading - INFO - AAPL 트레이딩 환경 초기화 완료: 데이터 길이 278895
