2025-05-16 10:25:37 - sac_trading - INFO - 평가 시작: 대상 심볼 ['AAPL', 'TSLA', 'VALE', 'NEM', 'FCX', 'T', 'NFLX', 'WBD', 'AMZN', 'NKE', 'PEP', 'KVUE', 'PM', 'PBR', 'KMI', 'SHEL', 'ITUB', 'USB', 'MUFG', 'AZN', 'ABT', 'UNH', 'CSX', 'BA', 'RTX', 'NVDA', 'ERIC', 'YMM', 'NEE']
2025-05-16 10:25:37 - sac_trading - INFO - DB 엔진 생성 성공
2025-05-16 10:25:37 - sac_trading - INFO - DataCollector 초기화 완료: 29개 종목 대상
2025-05-16 10:25:37 - sac_trading - INFO - 저장된 데이터 로드 중...
2025-05-16 10:25:37 - sac_trading - INFO - AAPL 데이터 로드 시작...
2025-05-16 10:25:40 - sac_trading - INFO - AAPL 데이터 로드 완료: 283683 행
2025-05-16 10:25:40 - sac_trading - INFO - TSLA 데이터 로드 시작...
2025-05-16 10:25:41 - sac_trading - INFO - TSLA 데이터 로드 완료: 160774 행
2025-05-16 10:25:41 - sac_trading - INFO - VALE 데이터 로드 시작...
2025-05-16 10:25:43 - sac_trading - INFO - VALE 데이터 로드 완료: 156397 행
2025-05-16 10:25:43 - sac_trading - INFO - NEM 데이터 로드 시작...
2025-05-16 10:25:44 - sac_trading - INFO - NEM 데이터 로드 완료: 157023 행
2025-05-16 10:25:44 - sac_trading - INFO - FCX 데이터 로드 시작...
2025-05-16 10:25:45 - sac_trading - INFO - FCX 데이터 로드 완료: 153750 행
2025-05-16 10:25:45 - sac_trading - INFO - T 데이터 로드 시작...
2025-05-16 10:25:46 - sac_trading - INFO - T 데이터 로드 완료: 156929 행
2025-05-16 10:25:46 - sac_trading - INFO - NFLX 데이터 로드 시작...
2025-05-16 10:25:47 - sac_trading - INFO - NFLX 데이터 로드 완료: 147013 행
2025-05-16 10:25:47 - sac_trading - INFO - WBD 데이터 로드 시작...
2025-05-16 10:25:48 - sac_trading - INFO - WBD 데이터 로드 완료: 155384 행
2025-05-16 10:25:48 - sac_trading - INFO - AMZN 데이터 로드 시작...
2025-05-16 10:25:49 - sac_trading - INFO - AMZN 데이터 로드 완료: 160347 행
2025-05-16 10:25:49 - sac_trading - INFO - NKE 데이터 로드 시작...
2025-05-16 10:25:50 - sac_trading - INFO - NKE 데이터 로드 완료: 156537 행
2025-05-16 10:25:50 - sac_trading - INFO - PEP 데이터 로드 시작...
2025-05-16 10:25:51 - sac_trading - INFO - PEP 데이터 로드 완료: 139617 행
2025-05-16 10:25:51 - sac_trading - INFO - KVUE 데이터 로드 시작...
2025-05-16 10:25:52 - sac_trading - INFO - KVUE 데이터 로드 완료: 126812 행
2025-05-16 10:25:52 - sac_trading - INFO - PM 데이터 로드 시작...
2025-05-16 10:25:53 - sac_trading - INFO - PM 데이터 로드 완료: 132043 행
2025-05-16 10:25:53 - sac_trading - INFO - PBR 데이터 로드 시작...
2025-05-16 10:25:54 - sac_trading - INFO - PBR 데이터 로드 완료: 154953 행
2025-05-16 10:25:54 - sac_trading - INFO - KMI 데이터 로드 시작...
2025-05-16 10:25:55 - sac_trading - INFO - KMI 데이터 로드 완료: 141095 행
2025-05-16 10:25:55 - sac_trading - INFO - SHEL 데이터 로드 시작...
2025-05-16 10:25:56 - sac_trading - INFO - SHEL 데이터 로드 완료: 158256 행
2025-05-16 10:25:56 - sac_trading - INFO - ITUB 데이터 로드 시작...
2025-05-16 10:25:57 - sac_trading - INFO - ITUB 데이터 로드 완료: 124623 행
2025-05-16 10:25:57 - sac_trading - INFO - USB 데이터 로드 시작...
2025-05-16 10:25:58 - sac_trading - INFO - USB 데이터 로드 완료: 130234 행
2025-05-16 10:25:58 - sac_trading - INFO - MUFG 데이터 로드 시작...
2025-05-16 10:25:59 - sac_trading - INFO - MUFG 데이터 로드 완료: 136033 행
2025-05-16 10:25:59 - sac_trading - INFO - AZN 데이터 로드 시작...
2025-05-16 10:26:00 - sac_trading - INFO - AZN 데이터 로드 완료: 156967 행
2025-05-16 10:26:00 - sac_trading - INFO - ABT 데이터 로드 시작...
2025-05-16 10:26:01 - sac_trading - INFO - ABT 데이터 로드 완료: 124887 행
2025-05-16 10:26:01 - sac_trading - INFO - UNH 데이터 로드 시작...
2025-05-16 10:26:01 - sac_trading - INFO - UNH 데이터 로드 완료: 127841 행
2025-05-16 10:26:01 - sac_trading - INFO - CSX 데이터 로드 시작...
2025-05-16 10:26:03 - sac_trading - INFO - CSX 데이터 로드 완료: 130883 행
2025-05-16 10:26:03 - sac_trading - INFO - BA 데이터 로드 시작...
2025-05-16 10:26:03 - sac_trading - INFO - BA 데이터 로드 완료: 154960 행
2025-05-16 10:26:03 - sac_trading - INFO - RTX 데이터 로드 시작...
2025-05-16 10:26:04 - sac_trading - INFO - RTX 데이터 로드 완료: 135220 행
2025-05-16 10:26:04 - sac_trading - INFO - NVDA 데이터 로드 시작...
2025-05-16 10:26:06 - sac_trading - INFO - NVDA 데이터 로드 완료: 160763 행
2025-05-16 10:26:06 - sac_trading - INFO - ERIC 데이터 로드 시작...
2025-05-16 10:26:07 - sac_trading - INFO - ERIC 데이터 로드 완료: 155394 행
2025-05-16 10:26:07 - sac_trading - INFO - YMM 데이터 로드 시작...
2025-05-16 10:26:08 - sac_trading - INFO - YMM 데이터 로드 완료: 133075 행
2025-05-16 10:26:08 - sac_trading - INFO - NEE 데이터 로드 시작...
2025-05-16 10:26:09 - sac_trading - INFO - NEE 데이터 로드 완료: 143268 행
2025-05-16 10:26:09 - sac_trading - INFO - 총 29/29 종목 데이터 로드 완료
2025-05-16 10:26:09 - sac_trading - INFO - 데이터 전처리 중...
2025-05-16 10:26:09 - sac_trading - INFO - DataProcessor 초기화 완료: 윈도우 크기 30
2025-05-16 10:26:09 - sac_trading - INFO - AAPL 데이터 전처리 시작
2025-05-16 10:26:09 - sac_trading - INFO - open 컬럼을 float64 타입으로 변환했습니다
2025-05-16 10:26:09 - sac_trading - INFO - high 컬럼을 float64 타입으로 변환했습니다
2025-05-16 10:26:09 - sac_trading - INFO - low 컬럼을 float64 타입으로 변환했습니다
2025-05-16 10:26:09 - sac_trading - INFO - close 컬럼을 float64 타입으로 변환했습니다
2025-05-16 10:26:09 - sac_trading - INFO - volume 컬럼을 float64 타입으로 변환했습니다
2025-05-16 10:26:09 - sac_trading - INFO - 데이터 전처리 완료: 277935 행
2025-05-16 10:26:10 - sac_trading - INFO - 특성 추출 완료: 40개 특성
2025-05-16 10:26:10 - sac_trading - INFO - AAPL 데이터 정규화 완료
2025-05-16 10:26:20 - sac_trading - INFO - 윈도우 샘플 생성 완료: X 형태 (277905, 30, 40), y 형태 (277905,)
2025-05-16 10:26:20 - sac_trading - INFO - 데이터 분할 완료: 학습 194533개, 검증 41686개, 테스트 41686개
2025-05-16 10:26:20 - sac_trading - INFO - AAPL 데이터 전처리 완료
2025-05-16 10:26:20 - sac_trading - INFO - TSLA 데이터 전처리 시작
2025-05-16 10:26:20 - sac_trading - INFO - open 컬럼을 float64 타입으로 변환했습니다
2025-05-16 10:26:20 - sac_trading - INFO - high 컬럼을 float64 타입으로 변환했습니다
2025-05-16 10:26:20 - sac_trading - INFO - low 컬럼을 float64 타입으로 변환했습니다
2025-05-16 10:26:20 - sac_trading - INFO - close 컬럼을 float64 타입으로 변환했습니다
2025-05-16 10:26:20 - sac_trading - INFO - volume 컬럼을 float64 타입으로 변환했습니다
2025-05-16 10:26:20 - sac_trading - INFO - 데이터 전처리 완료: 159814 행
2025-05-16 10:26:20 - sac_trading - INFO - 특성 추출 완료: 40개 특성
2025-05-16 10:26:21 - sac_trading - INFO - TSLA 데이터 정규화 완료
2025-05-16 10:26:26 - sac_trading - INFO - 윈도우 샘플 생성 완료: X 형태 (159784, 30, 40), y 형태 (159784,)
2025-05-16 10:26:26 - sac_trading - INFO - 데이터 분할 완료: 학습 111848개, 검증 23968개, 테스트 23968개
2025-05-16 10:26:26 - sac_trading - INFO - TSLA 데이터 전처리 완료
2025-05-16 10:26:26 - sac_trading - INFO - VALE 데이터 전처리 시작
2025-05-16 10:26:26 - sac_trading - INFO - open 컬럼을 float64 타입으로 변환했습니다
2025-05-16 10:26:26 - sac_trading - INFO - high 컬럼을 float64 타입으로 변환했습니다
2025-05-16 10:26:26 - sac_trading - INFO - low 컬럼을 float64 타입으로 변환했습니다
2025-05-16 10:26:26 - sac_trading - INFO - close 컬럼을 float64 타입으로 변환했습니다
2025-05-16 10:26:26 - sac_trading - INFO - volume 컬럼을 float64 타입으로 변환했습니다
2025-05-16 10:26:26 - sac_trading - INFO - 데이터 전처리 완료: 155468 행
2025-05-16 10:26:26 - sac_trading - INFO - 배열 타입 int64를 float64로 변환 시도
2025-05-16 10:26:26 - sac_trading - INFO - 배열 타입 int64를 float64로 변환 시도
2025-05-16 10:26:27 - sac_trading - INFO - 특성 추출 완료: 40개 특성
2025-05-16 10:26:27 - sac_trading - INFO - VALE 데이터 정규화 완료
2025-05-16 10:26:32 - sac_trading - INFO - 윈도우 샘플 생성 완료: X 형태 (155438, 30, 40), y 형태 (155438,)
2025-05-16 10:26:32 - sac_trading - INFO - 데이터 분할 완료: 학습 108806개, 검증 23316개, 테스트 23316개
2025-05-16 10:26:32 - sac_trading - INFO - VALE 데이터 전처리 완료
2025-05-16 10:26:32 - sac_trading - INFO - NEM 데이터 전처리 시작
2025-05-16 10:26:32 - sac_trading - INFO - open 컬럼을 float64 타입으로 변환했습니다
2025-05-16 10:26:32 - sac_trading - INFO - high 컬럼을 float64 타입으로 변환했습니다
2025-05-16 10:26:32 - sac_trading - INFO - low 컬럼을 float64 타입으로 변환했습니다
2025-05-16 10:26:32 - sac_trading - INFO - close 컬럼을 float64 타입으로 변환했습니다
2025-05-16 10:26:32 - sac_trading - INFO - volume 컬럼을 float64 타입으로 변환했습니다
2025-05-16 10:26:32 - sac_trading - INFO - 데이터 전처리 완료: 156078 행
2025-05-16 10:26:33 - sac_trading - INFO - 특성 추출 완료: 40개 특성
2025-05-16 10:26:33 - sac_trading - INFO - NEM 데이터 정규화 완료
2025-05-16 10:26:38 - sac_trading - INFO - 윈도우 샘플 생성 완료: X 형태 (156048, 30, 40), y 형태 (156048,)
2025-05-16 10:26:38 - sac_trading - INFO - 데이터 분할 완료: 학습 109233개, 검증 23407개, 테스트 23408개
2025-05-16 10:26:38 - sac_trading - INFO - NEM 데이터 전처리 완료
2025-05-16 10:26:38 - sac_trading - INFO - FCX 데이터 전처리 시작
2025-05-16 10:26:38 - sac_trading - INFO - open 컬럼을 float64 타입으로 변환했습니다
2025-05-16 10:26:38 - sac_trading - INFO - high 컬럼을 float64 타입으로 변환했습니다
2025-05-16 10:26:38 - sac_trading - INFO - low 컬럼을 float64 타입으로 변환했습니다
2025-05-16 10:26:38 - sac_trading - INFO - close 컬럼을 float64 타입으로 변환했습니다
2025-05-16 10:26:38 - sac_trading - INFO - volume 컬럼을 float64 타입으로 변환했습니다
2025-05-16 10:26:38 - sac_trading - INFO - 데이터 전처리 완료: 152955 행
2025-05-16 10:26:38 - sac_trading - INFO - 배열 타입 int64를 float64로 변환 시도
2025-05-16 10:26:38 - sac_trading - INFO - 배열 타입 int64를 float64로 변환 시도
2025-05-16 10:26:39 - sac_trading - INFO - 특성 추출 완료: 40개 특성
2025-05-16 10:26:39 - sac_trading - INFO - FCX 데이터 정규화 완료
2025-05-16 10:26:45 - sac_trading - INFO - 윈도우 샘플 생성 완료: X 형태 (152925, 30, 40), y 형태 (152925,)
2025-05-16 10:26:45 - sac_trading - INFO - 데이터 분할 완료: 학습 107047개, 검증 22939개, 테스트 22939개
2025-05-16 10:26:45 - sac_trading - INFO - FCX 데이터 전처리 완료
2025-05-16 10:26:45 - sac_trading - INFO - T 데이터 전처리 시작
2025-05-16 10:26:45 - sac_trading - INFO - open 컬럼을 float64 타입으로 변환했습니다
2025-05-16 10:26:45 - sac_trading - INFO - high 컬럼을 float64 타입으로 변환했습니다
2025-05-16 10:26:45 - sac_trading - INFO - low 컬럼을 float64 타입으로 변환했습니다
2025-05-16 10:26:45 - sac_trading - INFO - close 컬럼을 float64 타입으로 변환했습니다
2025-05-16 10:26:45 - sac_trading - INFO - volume 컬럼을 float64 타입으로 변환했습니다
2025-05-16 10:26:45 - sac_trading - INFO - 데이터 전처리 완료: 155993 행
2025-05-16 10:26:45 - sac_trading - INFO - 특성 추출 완료: 40개 특성
2025-05-16 10:26:45 - sac_trading - INFO - T 데이터 정규화 완료
2025-05-16 10:26:51 - sac_trading - INFO - 윈도우 샘플 생성 완료: X 형태 (155963, 30, 40), y 형태 (155963,)
2025-05-16 10:26:51 - sac_trading - INFO - 데이터 분할 완료: 학습 109174개, 검증 23394개, 테스트 23395개
2025-05-16 10:26:51 - sac_trading - INFO - T 데이터 전처리 완료
2025-05-16 10:26:51 - sac_trading - INFO - NFLX 데이터 전처리 시작
2025-05-16 10:26:51 - sac_trading - INFO - open 컬럼을 float64 타입으로 변환했습니다
2025-05-16 10:26:51 - sac_trading - INFO - high 컬럼을 float64 타입으로 변환했습니다
2025-05-16 10:26:51 - sac_trading - INFO - low 컬럼을 float64 타입으로 변환했습니다
2025-05-16 10:26:51 - sac_trading - INFO - close 컬럼을 float64 타입으로 변환했습니다
2025-05-16 10:26:51 - sac_trading - INFO - volume 컬럼을 float64 타입으로 변환했습니다
2025-05-16 10:26:51 - sac_trading - INFO - 데이터 전처리 완료: 146120 행
2025-05-16 10:26:51 - sac_trading - INFO - 배열 타입 int64를 float64로 변환 시도
2025-05-16 10:26:51 - sac_trading - INFO - 배열 타입 int64를 float64로 변환 시도
2025-05-16 10:26:51 - sac_trading - INFO - 특성 추출 완료: 40개 특성
2025-05-16 10:26:52 - sac_trading - INFO - NFLX 데이터 정규화 완료
2025-05-16 10:26:57 - sac_trading - INFO - 윈도우 샘플 생성 완료: X 형태 (146090, 30, 40), y 형태 (146090,)
2025-05-16 10:26:57 - sac_trading - INFO - 데이터 분할 완료: 학습 102263개, 검증 21913개, 테스트 21914개
2025-05-16 10:26:57 - sac_trading - INFO - NFLX 데이터 전처리 완료
2025-05-16 10:26:57 - sac_trading - INFO - WBD 데이터 전처리 시작
2025-05-16 10:26:57 - sac_trading - INFO - open 컬럼을 float64 타입으로 변환했습니다
2025-05-16 10:26:57 - sac_trading - INFO - high 컬럼을 float64 타입으로 변환했습니다
2025-05-16 10:26:57 - sac_trading - INFO - low 컬럼을 float64 타입으로 변환했습니다
2025-05-16 10:26:57 - sac_trading - INFO - close 컬럼을 float64 타입으로 변환했습니다
2025-05-16 10:26:57 - sac_trading - INFO - volume 컬럼을 float64 타입으로 변환했습니다
2025-05-16 10:26:57 - sac_trading - INFO - 데이터 전처리 완료: 154472 행
2025-05-16 10:26:57 - sac_trading - INFO - 배열 타입 int64를 float64로 변환 시도
2025-05-16 10:26:57 - sac_trading - INFO - 배열 타입 int64를 float64로 변환 시도
2025-05-16 10:26:57 - sac_trading - INFO - 특성 추출 완료: 40개 특성
2025-05-16 10:26:57 - sac_trading - INFO - WBD 데이터 정규화 완료
2025-05-16 10:27:03 - sac_trading - INFO - 윈도우 샘플 생성 완료: X 형태 (154442, 30, 40), y 형태 (154442,)
2025-05-16 10:27:03 - sac_trading - INFO - 데이터 분할 완료: 학습 108109개, 검증 23166개, 테스트 23167개
2025-05-16 10:27:03 - sac_trading - INFO - WBD 데이터 전처리 완료
2025-05-16 10:27:03 - sac_trading - INFO - AMZN 데이터 전처리 시작
2025-05-16 10:27:03 - sac_trading - INFO - open 컬럼을 float64 타입으로 변환했습니다
2025-05-16 10:27:03 - sac_trading - INFO - high 컬럼을 float64 타입으로 변환했습니다
2025-05-16 10:27:03 - sac_trading - INFO - low 컬럼을 float64 타입으로 변환했습니다
2025-05-16 10:27:03 - sac_trading - INFO - close 컬럼을 float64 타입으로 변환했습니다
2025-05-16 10:27:03 - sac_trading - INFO - volume 컬럼을 float64 타입으로 변환했습니다
2025-05-16 10:27:03 - sac_trading - INFO - 데이터 전처리 완료: 159387 행
2025-05-16 10:27:04 - sac_trading - INFO - 특성 추출 완료: 40개 특성
2025-05-16 10:27:04 - sac_trading - INFO - AMZN 데이터 정규화 완료
2025-05-16 10:27:09 - sac_trading - INFO - 윈도우 샘플 생성 완료: X 형태 (159357, 30, 40), y 형태 (159357,)
2025-05-16 10:27:09 - sac_trading - INFO - 데이터 분할 완료: 학습 111549개, 검증 23904개, 테스트 23904개
2025-05-16 10:27:09 - sac_trading - INFO - AMZN 데이터 전처리 완료
2025-05-16 10:27:09 - sac_trading - INFO - NKE 데이터 전처리 시작
2025-05-16 10:27:09 - sac_trading - INFO - open 컬럼을 float64 타입으로 변환했습니다
2025-05-16 10:27:09 - sac_trading - INFO - high 컬럼을 float64 타입으로 변환했습니다
2025-05-16 10:27:09 - sac_trading - INFO - low 컬럼을 float64 타입으로 변환했습니다
2025-05-16 10:27:09 - sac_trading - INFO - close 컬럼을 float64 타입으로 변환했습니다
2025-05-16 10:27:09 - sac_trading - INFO - volume 컬럼을 float64 타입으로 변환했습니다
2025-05-16 10:27:09 - sac_trading - INFO - 데이터 전처리 완료: 155581 행
2025-05-16 10:27:10 - sac_trading - INFO - 특성 추출 완료: 40개 특성
2025-05-16 10:27:10 - sac_trading - INFO - NKE 데이터 정규화 완료
2025-05-16 10:27:16 - sac_trading - INFO - 윈도우 샘플 생성 완료: X 형태 (155551, 30, 40), y 형태 (155551,)
2025-05-16 10:27:16 - sac_trading - INFO - 데이터 분할 완료: 학습 108885개, 검증 23333개, 테스트 23333개
2025-05-16 10:27:16 - sac_trading - INFO - NKE 데이터 전처리 완료
2025-05-16 10:27:16 - sac_trading - INFO - PEP 데이터 전처리 시작
2025-05-16 10:27:16 - sac_trading - INFO - open 컬럼을 float64 타입으로 변환했습니다
2025-05-16 10:27:16 - sac_trading - INFO - high 컬럼을 float64 타입으로 변환했습니다
2025-05-16 10:27:16 - sac_trading - INFO - low 컬럼을 float64 타입으로 변환했습니다
2025-05-16 10:27:16 - sac_trading - INFO - close 컬럼을 float64 타입으로 변환했습니다
2025-05-16 10:27:16 - sac_trading - INFO - volume 컬럼을 float64 타입으로 변환했습니다
2025-05-16 10:27:16 - sac_trading - INFO - 데이터 전처리 완료: 138663 행
2025-05-16 10:27:16 - sac_trading - INFO - 배열 타입 int64를 float64로 변환 시도
2025-05-16 10:27:16 - sac_trading - INFO - 배열 타입 int64를 float64로 변환 시도
2025-05-16 10:27:17 - sac_trading - INFO - 특성 추출 완료: 40개 특성
2025-05-16 10:27:17 - sac_trading - INFO - PEP 데이터 정규화 완료
2025-05-16 10:27:22 - sac_trading - INFO - 윈도우 샘플 생성 완료: X 형태 (138633, 30, 40), y 형태 (138633,)
2025-05-16 10:27:22 - sac_trading - INFO - 데이터 분할 완료: 학습 97043개, 검증 20795개, 테스트 20795개
2025-05-16 10:27:22 - sac_trading - INFO - PEP 데이터 전처리 완료
2025-05-16 10:27:22 - sac_trading - INFO - KVUE 데이터 전처리 시작
2025-05-16 10:27:22 - sac_trading - INFO - open 컬럼을 float64 타입으로 변환했습니다
2025-05-16 10:27:22 - sac_trading - INFO - high 컬럼을 float64 타입으로 변환했습니다
2025-05-16 10:27:22 - sac_trading - INFO - low 컬럼을 float64 타입으로 변환했습니다
2025-05-16 10:27:22 - sac_trading - INFO - close 컬럼을 float64 타입으로 변환했습니다
2025-05-16 10:27:22 - sac_trading - INFO - volume 컬럼을 float64 타입으로 변환했습니다
2025-05-16 10:27:22 - sac_trading - INFO - 데이터 전처리 완료: 126077 행
2025-05-16 10:27:22 - sac_trading - INFO - 배열 타입 int64를 float64로 변환 시도
2025-05-16 10:27:22 - sac_trading - INFO - 배열 타입 int64를 float64로 변환 시도
2025-05-16 10:27:22 - sac_trading - INFO - 특성 추출 완료: 40개 특성
2025-05-16 10:27:22 - sac_trading - INFO - KVUE 데이터 정규화 완료
2025-05-16 10:27:27 - sac_trading - INFO - 윈도우 샘플 생성 완료: X 형태 (126047, 30, 40), y 형태 (126047,)
2025-05-16 10:27:27 - sac_trading - INFO - 데이터 분할 완료: 학습 88232개, 검증 18907개, 테스트 18908개
2025-05-16 10:27:27 - sac_trading - INFO - KVUE 데이터 전처리 완료
2025-05-16 10:27:27 - sac_trading - INFO - PM 데이터 전처리 시작
2025-05-16 10:27:27 - sac_trading - INFO - open 컬럼을 float64 타입으로 변환했습니다
2025-05-16 10:27:27 - sac_trading - INFO - high 컬럼을 float64 타입으로 변환했습니다
2025-05-16 10:27:27 - sac_trading - INFO - low 컬럼을 float64 타입으로 변환했습니다
2025-05-16 10:27:27 - sac_trading - INFO - close 컬럼을 float64 타입으로 변환했습니다
2025-05-16 10:27:27 - sac_trading - INFO - volume 컬럼을 float64 타입으로 변환했습니다
2025-05-16 10:27:27 - sac_trading - INFO - 데이터 전처리 완료: 131233 행
2025-05-16 10:27:27 - sac_trading - INFO - 배열 타입 int64를 float64로 변환 시도
2025-05-16 10:27:27 - sac_trading - INFO - 배열 타입 int64를 float64로 변환 시도
2025-05-16 10:27:27 - sac_trading - INFO - 특성 추출 완료: 40개 특성
2025-05-16 10:27:27 - sac_trading - INFO - PM 데이터 정규화 완료
2025-05-16 10:27:32 - sac_trading - INFO - 윈도우 샘플 생성 완료: X 형태 (131203, 30, 40), y 형태 (131203,)
2025-05-16 10:27:32 - sac_trading - INFO - 데이터 분할 완료: 학습 91842개, 검증 19680개, 테스트 19681개
2025-05-16 10:27:32 - sac_trading - INFO - PM 데이터 전처리 완료
2025-05-16 10:27:32 - sac_trading - INFO - PBR 데이터 전처리 시작
2025-05-16 10:27:32 - sac_trading - INFO - open 컬럼을 float64 타입으로 변환했습니다
2025-05-16 10:27:32 - sac_trading - INFO - high 컬럼을 float64 타입으로 변환했습니다
2025-05-16 10:27:32 - sac_trading - INFO - low 컬럼을 float64 타입으로 변환했습니다
2025-05-16 10:27:32 - sac_trading - INFO - close 컬럼을 float64 타입으로 변환했습니다
2025-05-16 10:27:32 - sac_trading - INFO - volume 컬럼을 float64 타입으로 변환했습니다
2025-05-16 10:27:32 - sac_trading - INFO - 데이터 전처리 완료: 154045 행
2025-05-16 10:27:32 - sac_trading - INFO - 배열 타입 int64를 float64로 변환 시도
2025-05-16 10:27:32 - sac_trading - INFO - 배열 타입 int64를 float64로 변환 시도
2025-05-16 10:27:33 - sac_trading - INFO - 특성 추출 완료: 40개 특성
2025-05-16 10:27:33 - sac_trading - INFO - PBR 데이터 정규화 완료
2025-05-16 10:27:39 - sac_trading - INFO - 윈도우 샘플 생성 완료: X 형태 (154015, 30, 40), y 형태 (154015,)
2025-05-16 10:27:39 - sac_trading - INFO - 데이터 분할 완료: 학습 107810개, 검증 23102개, 테스트 23103개
2025-05-16 10:27:39 - sac_trading - INFO - PBR 데이터 전처리 완료
2025-05-16 10:27:39 - sac_trading - INFO - KMI 데이터 전처리 시작
2025-05-16 10:27:39 - sac_trading - INFO - open 컬럼을 float64 타입으로 변환했습니다
2025-05-16 10:27:39 - sac_trading - INFO - high 컬럼을 float64 타입으로 변환했습니다
2025-05-16 10:27:39 - sac_trading - INFO - low 컬럼을 float64 타입으로 변환했습니다
2025-05-16 10:27:39 - sac_trading - INFO - close 컬럼을 float64 타입으로 변환했습니다
2025-05-16 10:27:39 - sac_trading - INFO - volume 컬럼을 float64 타입으로 변환했습니다
2025-05-16 10:27:39 - sac_trading - INFO - 데이터 전처리 완료: 140158 행
2025-05-16 10:27:39 - sac_trading - INFO - 배열 타입 int64를 float64로 변환 시도
2025-05-16 10:27:39 - sac_trading - INFO - 배열 타입 int64를 float64로 변환 시도
2025-05-16 10:27:39 - sac_trading - INFO - 특성 추출 완료: 40개 특성
2025-05-16 10:27:40 - sac_trading - INFO - KMI 데이터 정규화 완료
2025-05-16 10:27:44 - sac_trading - INFO - 윈도우 샘플 생성 완료: X 형태 (140128, 30, 40), y 형태 (140128,)
2025-05-16 10:27:44 - sac_trading - INFO - 데이터 분할 완료: 학습 98089개, 검증 21019개, 테스트 21020개
2025-05-16 10:27:44 - sac_trading - INFO - KMI 데이터 전처리 완료
2025-05-16 10:27:44 - sac_trading - INFO - SHEL 데이터 전처리 시작
2025-05-16 10:27:44 - sac_trading - INFO - open 컬럼을 float64 타입으로 변환했습니다
2025-05-16 10:27:44 - sac_trading - INFO - high 컬럼을 float64 타입으로 변환했습니다
2025-05-16 10:27:44 - sac_trading - INFO - low 컬럼을 float64 타입으로 변환했습니다
2025-05-16 10:27:44 - sac_trading - INFO - close 컬럼을 float64 타입으로 변환했습니다
2025-05-16 10:27:44 - sac_trading - INFO - volume 컬럼을 float64 타입으로 변환했습니다
2025-05-16 10:27:44 - sac_trading - INFO - 데이터 전처리 완료: 157407 행
2025-05-16 10:27:44 - sac_trading - INFO - 배열 타입 int64를 float64로 변환 시도
2025-05-16 10:27:44 - sac_trading - INFO - 배열 타입 int64를 float64로 변환 시도
2025-05-16 10:27:45 - sac_trading - INFO - 특성 추출 완료: 40개 특성
2025-05-16 10:27:45 - sac_trading - INFO - SHEL 데이터 정규화 완료
2025-05-16 10:27:51 - sac_trading - INFO - 윈도우 샘플 생성 완료: X 형태 (157377, 30, 40), y 형태 (157377,)
2025-05-16 10:27:51 - sac_trading - INFO - 데이터 분할 완료: 학습 110163개, 검증 23607개, 테스트 23607개
2025-05-16 10:27:51 - sac_trading - INFO - SHEL 데이터 전처리 완료
2025-05-16 10:27:51 - sac_trading - INFO - ITUB 데이터 전처리 시작
2025-05-16 10:27:51 - sac_trading - INFO - open 컬럼을 float64 타입으로 변환했습니다
2025-05-16 10:27:51 - sac_trading - INFO - high 컬럼을 float64 타입으로 변환했습니다
2025-05-16 10:27:51 - sac_trading - INFO - low 컬럼을 float64 타입으로 변환했습니다
2025-05-16 10:27:51 - sac_trading - INFO - close 컬럼을 float64 타입으로 변환했습니다
2025-05-16 10:27:51 - sac_trading - INFO - volume 컬럼을 float64 타입으로 변환했습니다
2025-05-16 10:27:51 - sac_trading - INFO - 데이터 전처리 완료: 124037 행
2025-05-16 10:27:51 - sac_trading - INFO - 배열 타입 int64를 float64로 변환 시도
2025-05-16 10:27:52 - sac_trading - INFO - 배열 타입 int64를 float64로 변환 시도
2025-05-16 10:27:52 - sac_trading - INFO - 특성 추출 완료: 40개 특성
2025-05-16 10:27:53 - sac_trading - INFO - ITUB 데이터 정규화 완료
2025-05-16 10:27:58 - sac_trading - INFO - 윈도우 샘플 생성 완료: X 형태 (124007, 30, 40), y 형태 (124007,)
2025-05-16 10:27:58 - sac_trading - INFO - 데이터 분할 완료: 학습 86804개, 검증 18601개, 테스트 18602개
2025-05-16 10:27:58 - sac_trading - INFO - ITUB 데이터 전처리 완료
2025-05-16 10:27:58 - sac_trading - INFO - USB 데이터 전처리 시작
2025-05-16 10:27:58 - sac_trading - INFO - open 컬럼을 float64 타입으로 변환했습니다
2025-05-16 10:27:58 - sac_trading - INFO - high 컬럼을 float64 타입으로 변환했습니다
2025-05-16 10:27:58 - sac_trading - INFO - low 컬럼을 float64 타입으로 변환했습니다
2025-05-16 10:27:58 - sac_trading - INFO - close 컬럼을 float64 타입으로 변환했습니다
2025-05-16 10:27:58 - sac_trading - INFO - volume 컬럼을 float64 타입으로 변환했습니다
2025-05-16 10:27:58 - sac_trading - INFO - 데이터 전처리 완료: 129506 행
2025-05-16 10:27:58 - sac_trading - INFO - 배열 타입 int64를 float64로 변환 시도
2025-05-16 10:27:58 - sac_trading - INFO - 배열 타입 int64를 float64로 변환 시도
2025-05-16 10:27:59 - sac_trading - INFO - 특성 추출 완료: 40개 특성
2025-05-16 10:27:59 - sac_trading - INFO - USB 데이터 정규화 완료
2025-05-16 10:28:05 - sac_trading - INFO - 윈도우 샘플 생성 완료: X 형태 (129476, 30, 40), y 형태 (129476,)
2025-05-16 10:28:05 - sac_trading - INFO - 데이터 분할 완료: 학습 90633개, 검증 19421개, 테스트 19422개
2025-05-16 10:28:05 - sac_trading - INFO - USB 데이터 전처리 완료
2025-05-16 10:28:05 - sac_trading - INFO - MUFG 데이터 전처리 시작
2025-05-16 10:28:05 - sac_trading - INFO - open 컬럼을 float64 타입으로 변환했습니다
2025-05-16 10:28:05 - sac_trading - INFO - high 컬럼을 float64 타입으로 변환했습니다
2025-05-16 10:28:05 - sac_trading - INFO - low 컬럼을 float64 타입으로 변환했습니다
2025-05-16 10:28:05 - sac_trading - INFO - close 컬럼을 float64 타입으로 변환했습니다
2025-05-16 10:28:05 - sac_trading - INFO - volume 컬럼을 float64 타입으로 변환했습니다
2025-05-16 10:28:05 - sac_trading - INFO - 데이터 전처리 완료: 135250 행
2025-05-16 10:28:05 - sac_trading - INFO - 배열 타입 int64를 float64로 변환 시도
2025-05-16 10:28:05 - sac_trading - INFO - 배열 타입 int64를 float64로 변환 시도
2025-05-16 10:28:05 - sac_trading - INFO - 특성 추출 완료: 40개 특성
2025-05-16 10:28:05 - sac_trading - INFO - MUFG 데이터 정규화 완료
2025-05-16 10:28:10 - sac_trading - INFO - 윈도우 샘플 생성 완료: X 형태 (135220, 30, 40), y 형태 (135220,)
2025-05-16 10:28:10 - sac_trading - INFO - 데이터 분할 완료: 학습 94654개, 검증 20283개, 테스트 20283개
2025-05-16 10:28:10 - sac_trading - INFO - MUFG 데이터 전처리 완료
2025-05-16 10:28:10 - sac_trading - INFO - AZN 데이터 전처리 시작
2025-05-16 10:28:10 - sac_trading - INFO - open 컬럼을 float64 타입으로 변환했습니다
2025-05-16 10:28:10 - sac_trading - INFO - high 컬럼을 float64 타입으로 변환했습니다
2025-05-16 10:28:10 - sac_trading - INFO - low 컬럼을 float64 타입으로 변환했습니다
2025-05-16 10:28:10 - sac_trading - INFO - close 컬럼을 float64 타입으로 변환했습니다
2025-05-16 10:28:10 - sac_trading - INFO - volume 컬럼을 float64 타입으로 변환했습니다
2025-05-16 10:28:10 - sac_trading - INFO - 데이터 전처리 완료: 156016 행
2025-05-16 10:28:10 - sac_trading - INFO - 배열 타입 int64를 float64로 변환 시도
2025-05-16 10:28:10 - sac_trading - INFO - 배열 타입 int64를 float64로 변환 시도
2025-05-16 10:28:11 - sac_trading - INFO - 특성 추출 완료: 40개 특성
2025-05-16 10:28:11 - sac_trading - INFO - AZN 데이터 정규화 완료
2025-05-16 10:28:25 - sac_trading - INFO - 윈도우 샘플 생성 완료: X 형태 (155986, 30, 40), y 형태 (155986,)
2025-05-16 10:28:25 - sac_trading - INFO - 데이터 분할 완료: 학습 109190개, 검증 23398개, 테스트 23398개
2025-05-16 10:28:25 - sac_trading - INFO - AZN 데이터 전처리 완료
2025-05-16 10:28:25 - sac_trading - INFO - ABT 데이터 전처리 시작
2025-05-16 10:28:26 - sac_trading - INFO - open 컬럼을 float64 타입으로 변환했습니다
2025-05-16 10:28:26 - sac_trading - INFO - high 컬럼을 float64 타입으로 변환했습니다
2025-05-16 10:28:26 - sac_trading - INFO - low 컬럼을 float64 타입으로 변환했습니다
2025-05-16 10:28:26 - sac_trading - INFO - close 컬럼을 float64 타입으로 변환했습니다
2025-05-16 10:28:26 - sac_trading - INFO - volume 컬럼을 float64 타입으로 변환했습니다
2025-05-16 10:28:26 - sac_trading - INFO - 데이터 전처리 완료: 124144 행
2025-05-16 10:28:26 - sac_trading - INFO - 배열 타입 int64를 float64로 변환 시도
2025-05-16 10:28:26 - sac_trading - INFO - 배열 타입 int64를 float64로 변환 시도
2025-05-16 10:28:27 - sac_trading - INFO - 특성 추출 완료: 40개 특성
2025-05-16 10:28:27 - sac_trading - INFO - ABT 데이터 정규화 완료
2025-05-16 10:28:32 - sac_trading - INFO - 윈도우 샘플 생성 완료: X 형태 (124114, 30, 40), y 형태 (124114,)
2025-05-16 10:28:32 - sac_trading - INFO - 데이터 분할 완료: 학습 86879개, 검증 18617개, 테스트 18618개
2025-05-16 10:28:32 - sac_trading - INFO - ABT 데이터 전처리 완료
2025-05-16 10:28:32 - sac_trading - INFO - UNH 데이터 전처리 시작
2025-05-16 10:28:32 - sac_trading - INFO - open 컬럼을 float64 타입으로 변환했습니다
2025-05-16 10:28:32 - sac_trading - INFO - high 컬럼을 float64 타입으로 변환했습니다
2025-05-16 10:28:32 - sac_trading - INFO - low 컬럼을 float64 타입으로 변환했습니다
2025-05-16 10:28:32 - sac_trading - INFO - close 컬럼을 float64 타입으로 변환했습니다
2025-05-16 10:28:32 - sac_trading - INFO - volume 컬럼을 float64 타입으로 변환했습니다
2025-05-16 10:28:32 - sac_trading - INFO - 데이터 전처리 완료: 126885 행
2025-05-16 10:28:32 - sac_trading - INFO - 배열 타입 int64를 float64로 변환 시도
2025-05-16 10:28:32 - sac_trading - INFO - 배열 타입 int64를 float64로 변환 시도
2025-05-16 10:28:33 - sac_trading - INFO - 특성 추출 완료: 40개 특성
2025-05-16 10:28:33 - sac_trading - INFO - UNH 데이터 정규화 완료
2025-05-16 10:28:39 - sac_trading - INFO - 윈도우 샘플 생성 완료: X 형태 (126855, 30, 40), y 형태 (126855,)
2025-05-16 10:28:39 - sac_trading - INFO - 데이터 분할 완료: 학습 88798개, 검증 19028개, 테스트 19029개
2025-05-16 10:28:39 - sac_trading - INFO - UNH 데이터 전처리 완료
2025-05-16 10:28:39 - sac_trading - INFO - CSX 데이터 전처리 시작
2025-05-16 10:28:39 - sac_trading - INFO - open 컬럼을 float64 타입으로 변환했습니다
2025-05-16 10:28:39 - sac_trading - INFO - high 컬럼을 float64 타입으로 변환했습니다
2025-05-16 10:28:39 - sac_trading - INFO - low 컬럼을 float64 타입으로 변환했습니다
2025-05-16 10:28:39 - sac_trading - INFO - close 컬럼을 float64 타입으로 변환했습니다
2025-05-16 10:28:39 - sac_trading - INFO - volume 컬럼을 float64 타입으로 변환했습니다
2025-05-16 10:28:39 - sac_trading - INFO - 데이터 전처리 완료: 130125 행
2025-05-16 10:28:39 - sac_trading - INFO - 배열 타입 int64를 float64로 변환 시도
2025-05-16 10:28:39 - sac_trading - INFO - 배열 타입 int64를 float64로 변환 시도
2025-05-16 10:28:40 - sac_trading - INFO - 특성 추출 완료: 40개 특성
2025-05-16 10:28:40 - sac_trading - INFO - CSX 데이터 정규화 완료
2025-05-16 10:28:46 - sac_trading - INFO - 윈도우 샘플 생성 완료: X 형태 (130095, 30, 40), y 형태 (130095,)
2025-05-16 10:28:46 - sac_trading - INFO - 데이터 분할 완료: 학습 91066개, 검증 19514개, 테스트 19515개
2025-05-16 10:28:46 - sac_trading - INFO - CSX 데이터 전처리 완료
2025-05-16 10:28:46 - sac_trading - INFO - BA 데이터 전처리 시작
2025-05-16 10:28:46 - sac_trading - INFO - open 컬럼을 float64 타입으로 변환했습니다
2025-05-16 10:28:46 - sac_trading - INFO - high 컬럼을 float64 타입으로 변환했습니다
2025-05-16 10:28:46 - sac_trading - INFO - low 컬럼을 float64 타입으로 변환했습니다
2025-05-16 10:28:46 - sac_trading - INFO - close 컬럼을 float64 타입으로 변환했습니다
2025-05-16 10:28:46 - sac_trading - INFO - volume 컬럼을 float64 타입으로 변환했습니다
2025-05-16 10:28:46 - sac_trading - INFO - 데이터 전처리 완료: 154002 행
2025-05-16 10:28:46 - sac_trading - INFO - 배열 타입 int64를 float64로 변환 시도
2025-05-16 10:28:46 - sac_trading - INFO - 배열 타입 int64를 float64로 변환 시도
2025-05-16 10:28:46 - sac_trading - INFO - 특성 추출 완료: 40개 특성
2025-05-16 10:28:47 - sac_trading - INFO - BA 데이터 정규화 완료
2025-05-16 10:28:52 - sac_trading - INFO - 윈도우 샘플 생성 완료: X 형태 (153972, 30, 40), y 형태 (153972,)
2025-05-16 10:28:52 - sac_trading - INFO - 데이터 분할 완료: 학습 107780개, 검증 23096개, 테스트 23096개
2025-05-16 10:28:52 - sac_trading - INFO - BA 데이터 전처리 완료
2025-05-16 10:28:52 - sac_trading - INFO - RTX 데이터 전처리 시작
2025-05-16 10:28:52 - sac_trading - INFO - open 컬럼을 float64 타입으로 변환했습니다
2025-05-16 10:28:52 - sac_trading - INFO - high 컬럼을 float64 타입으로 변환했습니다
2025-05-16 10:28:52 - sac_trading - INFO - low 컬럼을 float64 타입으로 변환했습니다
2025-05-16 10:28:52 - sac_trading - INFO - close 컬럼을 float64 타입으로 변환했습니다
2025-05-16 10:28:52 - sac_trading - INFO - volume 컬럼을 float64 타입으로 변환했습니다
2025-05-16 10:28:52 - sac_trading - INFO - 데이터 전처리 완료: 134515 행
2025-05-16 10:28:52 - sac_trading - INFO - 배열 타입 int64를 float64로 변환 시도
2025-05-16 10:28:52 - sac_trading - INFO - 배열 타입 int64를 float64로 변환 시도
2025-05-16 10:28:53 - sac_trading - INFO - 특성 추출 완료: 40개 특성
2025-05-16 10:28:53 - sac_trading - INFO - RTX 데이터 정규화 완료
2025-05-16 10:28:58 - sac_trading - INFO - 윈도우 샘플 생성 완료: X 형태 (134485, 30, 40), y 형태 (134485,)
2025-05-16 10:28:58 - sac_trading - INFO - 데이터 분할 완료: 학습 94139개, 검증 20173개, 테스트 20173개
2025-05-16 10:28:58 - sac_trading - INFO - RTX 데이터 전처리 완료
2025-05-16 10:28:58 - sac_trading - INFO - NVDA 데이터 전처리 시작
2025-05-16 10:28:58 - sac_trading - INFO - open 컬럼을 float64 타입으로 변환했습니다
2025-05-16 10:28:58 - sac_trading - INFO - high 컬럼을 float64 타입으로 변환했습니다
2025-05-16 10:28:58 - sac_trading - INFO - low 컬럼을 float64 타입으로 변환했습니다
2025-05-16 10:28:58 - sac_trading - INFO - close 컬럼을 float64 타입으로 변환했습니다
2025-05-16 10:28:58 - sac_trading - INFO - volume 컬럼을 float64 타입으로 변환했습니다
2025-05-16 10:28:58 - sac_trading - INFO - 데이터 전처리 완료: 159803 행
2025-05-16 10:28:59 - sac_trading - INFO - 특성 추출 완료: 40개 특성
2025-05-16 10:28:59 - sac_trading - INFO - NVDA 데이터 정규화 완료
2025-05-16 10:29:04 - sac_trading - INFO - 윈도우 샘플 생성 완료: X 형태 (159773, 30, 40), y 형태 (159773,)
2025-05-16 10:29:04 - sac_trading - INFO - 데이터 분할 완료: 학습 111841개, 검증 23966개, 테스트 23966개
2025-05-16 10:29:04 - sac_trading - INFO - NVDA 데이터 전처리 완료
2025-05-16 10:29:04 - sac_trading - INFO - ERIC 데이터 전처리 시작
2025-05-16 10:29:04 - sac_trading - INFO - open 컬럼을 float64 타입으로 변환했습니다
2025-05-16 10:29:04 - sac_trading - INFO - high 컬럼을 float64 타입으로 변환했습니다
2025-05-16 10:29:04 - sac_trading - INFO - low 컬럼을 float64 타입으로 변환했습니다
2025-05-16 10:29:04 - sac_trading - INFO - close 컬럼을 float64 타입으로 변환했습니다
2025-05-16 10:29:04 - sac_trading - INFO - volume 컬럼을 float64 타입으로 변환했습니다
2025-05-16 10:29:04 - sac_trading - INFO - 데이터 전처리 완료: 154504 행
2025-05-16 10:29:04 - sac_trading - INFO - 배열 타입 int64를 float64로 변환 시도
2025-05-16 10:29:04 - sac_trading - INFO - 배열 타입 int64를 float64로 변환 시도
2025-05-16 10:29:05 - sac_trading - INFO - 특성 추출 완료: 40개 특성
2025-05-16 10:29:05 - sac_trading - INFO - ERIC 데이터 정규화 완료
2025-05-16 10:29:10 - sac_trading - INFO - 윈도우 샘플 생성 완료: X 형태 (154474, 30, 40), y 형태 (154474,)
2025-05-16 10:29:10 - sac_trading - INFO - 데이터 분할 완료: 학습 108131개, 검증 23171개, 테스트 23172개
2025-05-16 10:29:10 - sac_trading - INFO - ERIC 데이터 전처리 완료
2025-05-16 10:29:10 - sac_trading - INFO - YMM 데이터 전처리 시작
2025-05-16 10:29:11 - sac_trading - INFO - open 컬럼을 float64 타입으로 변환했습니다
2025-05-16 10:29:11 - sac_trading - INFO - high 컬럼을 float64 타입으로 변환했습니다
2025-05-16 10:29:11 - sac_trading - INFO - low 컬럼을 float64 타입으로 변환했습니다
2025-05-16 10:29:11 - sac_trading - INFO - close 컬럼을 float64 타입으로 변환했습니다
2025-05-16 10:29:11 - sac_trading - INFO - volume 컬럼을 float64 타입으로 변환했습니다
2025-05-16 10:29:11 - sac_trading - INFO - 데이터 전처리 완료: 132325 행
2025-05-16 10:29:11 - sac_trading - INFO - 배열 타입 int64를 float64로 변환 시도
2025-05-16 10:29:11 - sac_trading - INFO - 배열 타입 int64를 float64로 변환 시도
2025-05-16 10:29:11 - sac_trading - INFO - 특성 추출 완료: 40개 특성
2025-05-16 10:29:11 - sac_trading - INFO - YMM 데이터 정규화 완료
2025-05-16 10:29:16 - sac_trading - INFO - 윈도우 샘플 생성 완료: X 형태 (132295, 30, 40), y 형태 (132295,)
2025-05-16 10:29:16 - sac_trading - INFO - 데이터 분할 완료: 학습 92606개, 검증 19844개, 테스트 19845개
2025-05-16 10:29:16 - sac_trading - INFO - YMM 데이터 전처리 완료
2025-05-16 10:29:16 - sac_trading - INFO - NEE 데이터 전처리 시작
2025-05-16 10:29:17 - sac_trading - INFO - open 컬럼을 float64 타입으로 변환했습니다
2025-05-16 10:29:17 - sac_trading - INFO - high 컬럼을 float64 타입으로 변환했습니다
2025-05-16 10:29:17 - sac_trading - INFO - low 컬럼을 float64 타입으로 변환했습니다
2025-05-16 10:29:17 - sac_trading - INFO - close 컬럼을 float64 타입으로 변환했습니다
2025-05-16 10:29:17 - sac_trading - INFO - volume 컬럼을 float64 타입으로 변환했습니다
2025-05-16 10:29:17 - sac_trading - INFO - 데이터 전처리 완료: 142328 행
2025-05-16 10:29:17 - sac_trading - INFO - 배열 타입 int64를 float64로 변환 시도
2025-05-16 10:29:17 - sac_trading - INFO - 배열 타입 int64를 float64로 변환 시도
2025-05-16 10:29:19 - sac_trading - INFO - 특성 추출 완료: 40개 특성
2025-05-16 10:29:19 - sac_trading - INFO - NEE 데이터 정규화 완료
2025-05-16 10:29:25 - sac_trading - INFO - 윈도우 샘플 생성 완료: X 형태 (142298, 30, 40), y 형태 (142298,)
2025-05-16 10:29:25 - sac_trading - INFO - 데이터 분할 완료: 학습 99608개, 검증 21345개, 테스트 21345개
2025-05-16 10:29:25 - sac_trading - INFO - NEE 데이터 전처리 완료
2025-05-16 10:29:25 - sac_trading - INFO - 총 29/29 종목 데이터 전처리 완료
2025-05-16 10:29:25 - sac_trading - INFO - 단일 자산 트레이딩 환경 생성 중: AAPL
2025-05-16 10:29:25 - sac_trading - INFO - AAPL 트레이딩 환경 초기화 완료: 데이터 길이 277935
2025-05-16 10:29:25 - sac_trading - INFO - SAC 에이전트 생성 중...
2025-05-16 10:29:26 - sac_trading - INFO - Actor 네트워크 초기화 완료: 상태 차원 1202, 행동 차원 1
2025-05-16 10:29:26 - sac_trading - INFO - Critic 네트워크 초기화 완료: 상태 차원 1202, 행동 차원 1
2025-05-16 10:29:26 - sac_trading - INFO - Critic 네트워크 초기화 완료: 상태 차원 1202, 행동 차원 1
2025-05-16 10:29:32 - sac_trading - INFO - SAC 에이전트 초기화 완료: 행동 차원 1, 일반 모델 사용
2025-05-16 10:29:32 - sac_trading - INFO - 모델 로드 중: C:/big19/파이널 프로젝트/v02_sac-trading/models/sac_model_20250515_114516
