2025-05-18 18:12:52 - sac_trading - INFO - DB 엔진 생성 성공
2025-05-18 18:12:52 - sac_trading - INFO - DataCollector 초기화 완료: 29개 종목 대상
2025-05-18 18:12:52 - sac_trading - INFO - 총 29개의 테이블 확인됨
2025-05-18 18:12:52 - sac_trading - INFO - AAPL 데이터 로드 시작...
2025-05-18 18:12:54 - sac_trading - INFO - AAPL 데이터 로드 완료: 285602 행
2025-05-18 18:12:54 - sac_trading - INFO - TSLA 데이터 로드 시작...
2025-05-18 18:12:55 - sac_trading - INFO - TSLA 데이터 로드 완료: 162694 행
2025-05-18 18:12:55 - sac_trading - INFO - VALE 데이터 로드 시작...
2025-05-18 18:12:56 - sac_trading - INFO - VALE 데이터 로드 완료: 158303 행
2025-05-18 18:12:56 - sac_trading - INFO - NEM 데이터 로드 시작...
2025-05-18 18:12:58 - sac_trading - INFO - NEM 데이터 로드 완료: 158925 행
2025-05-18 18:12:58 - sac_trading - INFO - FCX 데이터 로드 시작...
2025-05-18 18:12:59 - sac_trading - INFO - FCX 데이터 로드 완료: 155530 행
2025-05-18 18:12:59 - sac_trading - INFO - T 데이터 로드 시작...
2025-05-18 18:13:00 - sac_trading - INFO - T 데이터 로드 완료: 158816 행
2025-05-18 18:13:00 - sac_trading - INFO - NFLX 데이터 로드 시작...
2025-05-18 18:13:01 - sac_trading - INFO - NFLX 데이터 로드 완료: 148906 행
2025-05-18 18:13:01 - sac_trading - INFO - WBD 데이터 로드 시작...
2025-05-18 18:13:02 - sac_trading - INFO - WBD 데이터 로드 완료: 157301 행
2025-05-18 18:13:02 - sac_trading - INFO - AMZN 데이터 로드 시작...
2025-05-18 18:13:03 - sac_trading - INFO - AMZN 데이터 로드 완료: 162265 행
2025-05-18 18:13:03 - sac_trading - INFO - NKE 데이터 로드 시작...
2025-05-18 18:13:04 - sac_trading - INFO - NKE 데이터 로드 완료: 158444 행
2025-05-18 18:13:04 - sac_trading - INFO - PEP 데이터 로드 시작...
2025-05-18 18:13:05 - sac_trading - INFO - PEP 데이터 로드 완료: 141530 행
2025-05-18 18:13:05 - sac_trading - INFO - KVUE 데이터 로드 시작...
2025-05-18 18:13:06 - sac_trading - INFO - KVUE 데이터 로드 완료: 128346 행
2025-05-18 18:13:06 - sac_trading - INFO - PM 데이터 로드 시작...
2025-05-18 18:13:07 - sac_trading - INFO - PM 데이터 로드 완료: 133808 행
2025-05-18 18:13:07 - sac_trading - INFO - PBR 데이터 로드 시작...
2025-05-18 18:13:08 - sac_trading - INFO - PBR 데이터 로드 완료: 156839 행
2025-05-18 18:13:08 - sac_trading - INFO - KMI 데이터 로드 시작...
2025-05-18 18:13:10 - sac_trading - INFO - KMI 데이터 로드 완료: 142997 행
2025-05-18 18:13:10 - sac_trading - INFO - SHEL 데이터 로드 시작...
2025-05-18 18:13:11 - sac_trading - INFO - SHEL 데이터 로드 완료: 160172 행
2025-05-18 18:13:11 - sac_trading - INFO - ITUB 데이터 로드 시작...
2025-05-18 18:13:12 - sac_trading - INFO - ITUB 데이터 로드 완료: 126180 행
2025-05-18 18:13:12 - sac_trading - INFO - USB 데이터 로드 시작...
2025-05-18 18:13:12 - sac_trading - INFO - USB 데이터 로드 완료: 131794 행
2025-05-18 18:13:12 - sac_trading - INFO - MUFG 데이터 로드 시작...
2025-05-18 18:13:13 - sac_trading - INFO - MUFG 데이터 로드 완료: 137918 행
2025-05-18 18:13:13 - sac_trading - INFO - AZN 데이터 로드 시작...
2025-05-18 18:13:14 - sac_trading - INFO - AZN 데이터 로드 완료: 158883 행
2025-05-18 18:13:14 - sac_trading - INFO - ABT 데이터 로드 시작...
2025-05-18 18:13:15 - sac_trading - INFO - ABT 데이터 로드 완료: 126451 행
2025-05-18 18:13:15 - sac_trading - INFO - UNH 데이터 로드 시작...
2025-05-18 18:13:16 - sac_trading - INFO - UNH 데이터 로드 완료: 129761 행
2025-05-18 18:13:16 - sac_trading - INFO - CSX 데이터 로드 시작...
2025-05-18 18:13:17 - sac_trading - INFO - CSX 데이터 로드 완료: 132573 행
2025-05-18 18:13:17 - sac_trading - INFO - BA 데이터 로드 시작...
2025-05-18 18:13:18 - sac_trading - INFO - BA 데이터 로드 완료: 156874 행
2025-05-18 18:13:18 - sac_trading - INFO - RTX 데이터 로드 시작...
2025-05-18 18:13:19 - sac_trading - INFO - RTX 데이터 로드 완료: 137055 행
2025-05-18 18:13:19 - sac_trading - INFO - NVDA 데이터 로드 시작...
2025-05-18 18:13:20 - sac_trading - INFO - NVDA 데이터 로드 완료: 162683 행
2025-05-18 18:13:20 - sac_trading - INFO - ERIC 데이터 로드 시작...
2025-05-18 18:13:21 - sac_trading - INFO - ERIC 데이터 로드 완료: 157245 행
2025-05-18 18:13:21 - sac_trading - INFO - YMM 데이터 로드 시작...
2025-05-18 18:13:22 - sac_trading - INFO - YMM 데이터 로드 완료: 134546 행
2025-05-18 18:13:22 - sac_trading - INFO - NEE 데이터 로드 시작...
2025-05-18 18:13:23 - sac_trading - INFO - NEE 데이터 로드 완료: 145053 행
2025-05-18 18:13:23 - sac_trading - INFO - 총 29/29 종목 데이터 로드 완료
2025-05-18 18:14:56 - sac_trading - INFO - 모든 데이터 저장 완료: C:\big19\final_project\v02_sac-trading\data\20250518
