2025-05-15 14:38:17 - sac_trading - INFO - DB 엔진 생성 성공
2025-05-15 14:38:17 - sac_trading - INFO - DataCollector 초기화 완료: 2개 종목 대상
2025-05-15 14:38:17 - sac_trading - INFO - AAPL 데이터 로드 시작...
2025-05-15 14:38:19 - sac_trading - INFO - AAPL 데이터 로드 완료: 283683 행
2025-05-15 14:38:19 - sac_trading - INFO - TSLA 데이터 로드 시작...
2025-05-15 14:38:21 - sac_trading - INFO - TSLA 데이터 로드 완료: 160774 행
2025-05-15 14:38:21 - sac_trading - INFO - 총 2/2 종목 데이터 로드 완료
2025-05-15 14:38:21 - sac_trading - INFO - DataProcessor 초기화 완료: 윈도우 크기 30
2025-05-15 14:38:21 - sac_trading - INFO - AAPL 데이터 전처리 시작
2025-05-15 14:38:21 - sac_trading - INFO - open 컬럼을 float64 타입으로 변환했습니다
2025-05-15 14:38:21 - sac_trading - INFO - high 컬럼을 float64 타입으로 변환했습니다
2025-05-15 14:38:21 - sac_trading - INFO - low 컬럼을 float64 타입으로 변환했습니다
2025-05-15 14:38:21 - sac_trading - INFO - close 컬럼을 float64 타입으로 변환했습니다
2025-05-15 14:38:21 - sac_trading - INFO - volume 컬럼을 float64 타입으로 변환했습니다
2025-05-15 14:38:21 - sac_trading - INFO - 데이터 전처리 완료: 277935 행
2025-05-15 14:38:21 - sac_trading - INFO - 특성 추출 완료: 40개 특성
2025-05-15 14:38:22 - sac_trading - INFO - AAPL 데이터 정규화 완료
2025-05-15 14:38:32 - sac_trading - INFO - 윈도우 샘플 생성 완료: X 형태 (277905, 30, 40), y 형태 (277905,)
2025-05-15 14:38:32 - sac_trading - INFO - 데이터 분할 완료: 학습 194533개, 검증 41686개, 테스트 41686개
2025-05-15 14:38:32 - sac_trading - INFO - AAPL 데이터 전처리 완료
2025-05-15 14:38:32 - sac_trading - INFO - TSLA 데이터 전처리 시작
2025-05-15 14:38:32 - sac_trading - INFO - open 컬럼을 float64 타입으로 변환했습니다
2025-05-15 14:38:32 - sac_trading - INFO - high 컬럼을 float64 타입으로 변환했습니다
2025-05-15 14:38:32 - sac_trading - INFO - low 컬럼을 float64 타입으로 변환했습니다
2025-05-15 14:38:32 - sac_trading - INFO - close 컬럼을 float64 타입으로 변환했습니다
2025-05-15 14:38:32 - sac_trading - INFO - volume 컬럼을 float64 타입으로 변환했습니다
2025-05-15 14:38:32 - sac_trading - INFO - 데이터 전처리 완료: 159814 행
2025-05-15 14:38:32 - sac_trading - INFO - 특성 추출 완료: 40개 특성
2025-05-15 14:38:33 - sac_trading - INFO - TSLA 데이터 정규화 완료
2025-05-15 14:38:38 - sac_trading - INFO - 윈도우 샘플 생성 완료: X 형태 (159784, 30, 40), y 형태 (159784,)
2025-05-15 14:38:38 - sac_trading - INFO - 데이터 분할 완료: 학습 111848개, 검증 23968개, 테스트 23968개
2025-05-15 14:38:38 - sac_trading - INFO - TSLA 데이터 전처리 완료
2025-05-15 14:38:38 - sac_trading - INFO - 총 2/2 종목 데이터 전처리 완료
